-------------------------------------------------------------------------------
Test set: com.glsx.oms.fcwechat.WxUserListTest
-------------------------------------------------------------------------------
Tests run: 2, Failures: 0, Errors: 1, Skipped: 0, Time elapsed: 160.113 sec <<< FAILURE!
getUserList(com.glsx.oms.fcwechat.WxUserListTest)  Time elapsed: 160.104 sec  <<< ERROR!
java.lang.StackOverflowError
	at java.net.SocketInputStream.socketRead0(Native Method)
	at java.net.SocketInputStream.socketRead(SocketInputStream.java:116)
	at java.net.SocketInputStream.read(SocketInputStream.java:170)
	at java.net.SocketInputStream.read(SocketInputStream.java:141)
	at sun.security.ssl.InputRecord.readFully(InputRecord.java:465)
	at sun.security.ssl.InputRecord.read(InputRecord.java:503)
	at sun.security.ssl.SSLSocketImpl.readRecord(SSLSocketImpl.java:973)
	at sun.security.ssl.SSLSocketImpl.readDataRecord(SSLSocketImpl.java:930)
	at sun.security.ssl.AppInputStream.read(AppInputStream.java:105)
	at org.apache.http.impl.io.SessionInputBufferImpl.streamRead(SessionInputBufferImpl.java:137)
	at org.apache.http.impl.io.SessionInputBufferImpl.fillBuffer(SessionInputBufferImpl.java:153)
	at org.apache.http.impl.BHttpConnectionBase.fillInputBuffer(BHttpConnectionBase.java:344)
	at org.apache.http.impl.BHttpConnectionBase.isStale(BHttpConnectionBase.java:364)
	at org.apache.http.impl.conn.CPoolProxy.isStale(CPoolProxy.java:110)
	at org.apache.http.impl.execchain.MainClientExec.execute(MainClientExec.java:191)
	at org.apache.http.impl.execchain.ProtocolExec.execute(ProtocolExec.java:195)
	at org.apache.http.impl.execchain.RetryExec.execute(RetryExec.java:86)
	at org.apache.http.impl.execchain.RedirectExec.execute(RedirectExec.java:108)
	at org.apache.http.impl.client.InternalHttpClient.doExecute(InternalHttpClient.java:184)
	at org.apache.http.impl.client.CloseableHttpClient.execute(CloseableHttpClient.java:82)
	at org.apache.http.impl.client.CloseableHttpClient.execute(CloseableHttpClient.java:106)
	at com.soecode.wxtools.util.http.SimpleGetRequestExecutor.execute(SimpleGetRequestExecutor.java:35)
	at com.soecode.wxtools.util.http.SimpleGetRequestExecutor.execute(SimpleGetRequestExecutor.java:22)
	at com.soecode.wxtools.api.WxService.executeInternal(WxService.java:943)
	at com.soecode.wxtools.api.WxService.execute(WxService.java:907)
	at com.soecode.wxtools.api.WxService.executeInternal(WxService.java:953)
	at com.soecode.wxtools.api.WxService.execute(WxService.java:907)
	at com.soecode.wxtools.api.WxService.executeInternal(WxService.java:953)
	at com.soecode.wxtools.api.WxService.execute(WxService.java:907)
	at com.soecode.wxtools.api.WxService.executeInternal(WxService.java:953)
	at com.soecode.wxtools.api.WxService.execute(WxService.java:907)
	at com.soecode.wxtools.api.WxService.executeInternal(WxService.java:953)
	at com.soecode.wxtools.api.WxService.execute(WxService.java:907)
	at com.soecode.wxtools.api.WxService.executeInternal(WxService.java:953)
	at com.soecode.wxtools.api.WxService.execute(WxService.java:907)
	at com.soecode.wxtools.api.WxService.executeInternal(WxService.java:953)
	at com.soecode.wxtools.api.WxService.execute(WxService.java:907)
	at com.soecode.wxtools.api.WxService.executeInternal(WxService.java:953)
	at com.soecode.wxtools.api.WxService.execute(WxService.java:907)
	at com.soecode.wxtools.api.WxService.executeInternal(WxService.java:953)
	at com.soecode.wxtools.api.WxService.execute(WxService.java:907)
	at com.soecode.wxtools.api.WxService.executeInternal(WxService.java:953)
	at com.soecode.wxtools.api.WxService.execute(WxService.java:907)
	at com.soecode.wxtools.api.WxService.executeInternal(WxService.java:953)
	at com.soecode.wxtools.api.WxService.execute(WxService.java:907)
	at com.soecode.wxtools.api.WxService.executeInternal(WxService.java:953)
	at com.soecode.wxtools.api.WxService.execute(WxService.java:907)
	at com.soecode.wxtools.api.WxService.executeInternal(WxService.java:953)
	at com.soecode.wxtools.api.WxService.execute(WxService.java:907)
	at com.soecode.wxtools.api.WxService.executeInternal(WxService.java:953)
	at com.soecode.wxtools.api.WxService.execute(WxService.java:907)
	at com.soecode.wxtools.api.WxService.executeInternal(WxService.java:953)
	at com.soecode.wxtools.api.WxService.execute(WxService.java:907)
	at com.soecode.wxtools.api.WxService.executeInternal(WxService.java:953)
	at com.soecode.wxtools.api.WxService.execute(WxService.java:907)
	at com.soecode.wxtools.api.WxService.executeInternal(WxService.java:953)
	at com.soecode.wxtools.api.WxService.execute(WxService.java:907)
	at com.soecode.wxtools.api.WxService.executeInternal(WxService.java:953)
	at com.soecode.wxtools.api.WxService.execute(WxService.java:907)
	at com.soecode.wxtools.api.WxService.executeInternal(WxService.java:953)
	at com.soecode.wxtools.api.WxService.execute(WxService.java:907)
	at com.soecode.wxtools.api.WxService.executeInternal(WxService.java:953)
	at com.soecode.wxtools.api.WxService.execute(WxService.java:907)
	at com.soecode.wxtools.api.WxService.executeInternal(WxService.java:953)
	at com.soecode.wxtools.api.WxService.execute(WxService.java:907)
	at com.soecode.wxtools.api.WxService.executeInternal(WxService.java:953)
	at com.soecode.wxtools.api.WxService.execute(WxService.java:907)
	at com.soecode.wxtools.api.WxService.executeInternal(WxService.java:953)
	at com.soecode.wxtools.api.WxService.execute(WxService.java:907)
	at com.soecode.wxtools.api.WxService.executeInternal(WxService.java:953)
	at com.soecode.wxtools.api.WxService.execute(WxService.java:907)
	at com.soecode.wxtools.api.WxService.executeInternal(WxService.java:953)
	at com.soecode.wxtools.api.WxService.execute(WxService.java:907)
	at com.soecode.wxtools.api.WxService.executeInternal(WxService.java:953)
	at com.soecode.wxtools.api.WxService.execute(WxService.java:907)
	at com.soecode.wxtools.api.WxService.executeInternal(WxService.java:953)
	at com.soecode.wxtools.api.WxService.execute(WxService.java:907)
	at com.soecode.wxtools.api.WxService.executeInternal(WxService.java:953)
	at com.soecode.wxtools.api.WxService.execute(WxService.java:907)
	at com.soecode.wxtools.api.WxService.executeInternal(WxService.java:953)
	at com.soecode.wxtools.api.WxService.execute(WxService.java:907)
	at com.soecode.wxtools.api.WxService.executeInternal(WxService.java:953)
	at com.soecode.wxtools.api.WxService.execute(WxService.java:907)
	at com.soecode.wxtools.api.WxService.executeInternal(WxService.java:953)
	at com.soecode.wxtools.api.WxService.execute(WxService.java:907)
	at com.soecode.wxtools.api.WxService.executeInternal(WxService.java:953)
	at com.soecode.wxtools.api.WxService.execute(WxService.java:907)
	at com.soecode.wxtools.api.WxService.executeInternal(WxService.java:953)
	at com.soecode.wxtools.api.WxService.execute(WxService.java:907)
	at com.soecode.wxtools.api.WxService.executeInternal(WxService.java:953)
	at com.soecode.wxtools.api.WxService.execute(WxService.java:907)
	at com.soecode.wxtools.api.WxService.executeInternal(WxService.java:953)
	at com.soecode.wxtools.api.WxService.execute(WxService.java:907)
	at com.soecode.wxtools.api.WxService.executeInternal(WxService.java:953)
	at com.soecode.wxtools.api.WxService.execute(WxService.java:907)
	at com.soecode.wxtools.api.WxService.executeInternal(WxService.java:953)
	at com.soecode.wxtools.api.WxService.execute(WxService.java:907)
	at com.soecode.wxtools.api.WxService.executeInternal(WxService.java:953)
	at com.soecode.wxtools.api.WxService.execute(WxService.java:907)
	at com.soecode.wxtools.api.WxService.executeInternal(WxService.java:953)
	at com.soecode.wxtools.api.WxService.execute(WxService.java:907)
	at com.soecode.wxtools.api.WxService.executeInternal(WxService.java:953)
	at com.soecode.wxtools.api.WxService.execute(WxService.java:907)
	at com.soecode.wxtools.api.WxService.executeInternal(WxService.java:953)
	at com.soecode.wxtools.api.WxService.execute(WxService.java:907)
	at com.soecode.wxtools.api.WxService.executeInternal(WxService.java:953)
	at com.soecode.wxtools.api.WxService.execute(WxService.java:907)
	at com.soecode.wxtools.api.WxService.executeInternal(WxService.java:953)
	at com.soecode.wxtools.api.WxService.execute(WxService.java:907)
	at com.soecode.wxtools.api.WxService.executeInternal(WxService.java:953)
	at com.soecode.wxtools.api.WxService.execute(WxService.java:907)
	at com.soecode.wxtools.api.WxService.executeInternal(WxService.java:953)
	at com.soecode.wxtools.api.WxService.execute(WxService.java:907)
	at com.soecode.wxtools.api.WxService.executeInternal(WxService.java:953)
	at com.soecode.wxtools.api.WxService.execute(WxService.java:907)
	at com.soecode.wxtools.api.WxService.executeInternal(WxService.java:953)
	at com.soecode.wxtools.api.WxService.execute(WxService.java:907)
	at com.soecode.wxtools.api.WxService.executeInternal(WxService.java:953)
	at com.soecode.wxtools.api.WxService.execute(WxService.java:907)
	at com.soecode.wxtools.api.WxService.executeInternal(WxService.java:953)
	at com.soecode.wxtools.api.WxService.execute(WxService.java:907)
	at com.soecode.wxtools.api.WxService.executeInternal(WxService.java:953)
	at com.soecode.wxtools.api.WxService.execute(WxService.java:907)
	at com.soecode.wxtools.api.WxService.executeInternal(WxService.java:953)
	at com.soecode.wxtools.api.WxService.execute(WxService.java:907)
	at com.soecode.wxtools.api.WxService.executeInternal(WxService.java:953)
	at com.soecode.wxtools.api.WxService.execute(WxService.java:907)
	at com.soecode.wxtools.api.WxService.executeInternal(WxService.java:953)
	at com.soecode.wxtools.api.WxService.execute(WxService.java:907)
	at com.soecode.wxtools.api.WxService.executeInternal(WxService.java:953)
	at com.soecode.wxtools.api.WxService.execute(WxService.java:907)
	at com.soecode.wxtools.api.WxService.executeInternal(WxService.java:953)
	at com.soecode.wxtools.api.WxService.execute(WxService.java:907)
	at com.soecode.wxtools.api.WxService.executeInternal(WxService.java:953)
	at com.soecode.wxtools.api.WxService.execute(WxService.java:907)
	at com.soecode.wxtools.api.WxService.executeInternal(WxService.java:953)
	at com.soecode.wxtools.api.WxService.execute(WxService.java:907)
	at com.soecode.wxtools.api.WxService.executeInternal(WxService.java:953)
	at com.soecode.wxtools.api.WxService.execute(WxService.java:907)
	at com.soecode.wxtools.api.WxService.executeInternal(WxService.java:953)
	at com.soecode.wxtools.api.WxService.execute(WxService.java:907)
	at com.soecode.wxtools.api.WxService.executeInternal(WxService.java:953)
	at com.soecode.wxtools.api.WxService.execute(WxService.java:907)
	at com.soecode.wxtools.api.WxService.executeInternal(WxService.java:953)
	at com.soecode.wxtools.api.WxService.execute(WxService.java:907)
	at com.soecode.wxtools.api.WxService.executeInternal(WxService.java:953)
	at com.soecode.wxtools.api.WxService.execute(WxService.java:907)
	at com.soecode.wxtools.api.WxService.executeInternal(WxService.java:953)
	at com.soecode.wxtools.api.WxService.execute(WxService.java:907)
	at com.soecode.wxtools.api.WxService.executeInternal(WxService.java:953)
	at com.soecode.wxtools.api.WxService.execute(WxService.java:907)
	at com.soecode.wxtools.api.WxService.executeInternal(WxService.java:953)
	at com.soecode.wxtools.api.WxService.execute(WxService.java:907)
	at com.soecode.wxtools.api.WxService.executeInternal(WxService.java:953)
	at com.soecode.wxtools.api.WxService.execute(WxService.java:907)
	at com.soecode.wxtools.api.WxService.executeInternal(WxService.java:953)
	at com.soecode.wxtools.api.WxService.execute(WxService.java:907)
	at com.soecode.wxtools.api.WxService.executeInternal(WxService.java:953)
	at com.soecode.wxtools.api.WxService.execute(WxService.java:907)
	at com.soecode.wxtools.api.WxService.executeInternal(WxService.java:953)
	at com.soecode.wxtools.api.WxService.execute(WxService.java:907)
	at com.soecode.wxtools.api.WxService.executeInternal(WxService.java:953)
	at com.soecode.wxtools.api.WxService.execute(WxService.java:907)
	at com.soecode.wxtools.api.WxService.executeInternal(WxService.java:953)
	at com.soecode.wxtools.api.WxService.execute(WxService.java:907)
	at com.soecode.wxtools.api.WxService.executeInternal(WxService.java:953)
	at com.soecode.wxtools.api.WxService.execute(WxService.java:907)
	at com.soecode.wxtools.api.WxService.executeInternal(WxService.java:953)
	at com.soecode.wxtools.api.WxService.execute(WxService.java:907)
	at com.soecode.wxtools.api.WxService.executeInternal(WxService.java:953)
	at com.soecode.wxtools.api.WxService.execute(WxService.java:907)
	at com.soecode.wxtools.api.WxService.executeInternal(WxService.java:953)
	at com.soecode.wxtools.api.WxService.execute(WxService.java:907)
	at com.soecode.wxtools.api.WxService.executeInternal(WxService.java:953)
	at com.soecode.wxtools.api.WxService.execute(WxService.java:907)
	at com.soecode.wxtools.api.WxService.executeInternal(WxService.java:953)
	at com.soecode.wxtools.api.WxService.execute(WxService.java:907)
	at com.soecode.wxtools.api.WxService.executeInternal(WxService.java:953)
	at com.soecode.wxtools.api.WxService.execute(WxService.java:907)
	at com.soecode.wxtools.api.WxService.executeInternal(WxService.java:953)
	at com.soecode.wxtools.api.WxService.execute(WxService.java:907)
	at com.soecode.wxtools.api.WxService.executeInternal(WxService.java:953)
	at com.soecode.wxtools.api.WxService.execute(WxService.java:907)
	at com.soecode.wxtools.api.WxService.executeInternal(WxService.java:953)
	at com.soecode.wxtools.api.WxService.execute(WxService.java:907)
	at com.soecode.wxtools.api.WxService.executeInternal(WxService.java:953)
	at com.soecode.wxtools.api.WxService.execute(WxService.java:907)
	at com.soecode.wxtools.api.WxService.executeInternal(WxService.java:953)
	at com.soecode.wxtools.api.WxService.execute(WxService.java:907)
	at com.soecode.wxtools.api.WxService.executeInternal(WxService.java:953)
	at com.soecode.wxtools.api.WxService.execute(WxService.java:907)
	at com.soecode.wxtools.api.WxService.executeInternal(WxService.java:953)
	at com.soecode.wxtools.api.WxService.execute(WxService.java:907)
	at com.soecode.wxtools.api.WxService.executeInternal(WxService.java:953)
	at com.soecode.wxtools.api.WxService.execute(WxService.java:907)
	at com.soecode.wxtools.api.WxService.executeInternal(WxService.java:953)
	at com.soecode.wxtools.api.WxService.execute(WxService.java:907)
	at com.soecode.wxtools.api.WxService.executeInternal(WxService.java:953)
	at com.soecode.wxtools.api.WxService.execute(WxService.java:907)
	at com.soecode.wxtools.api.WxService.executeInternal(WxService.java:953)
	at com.soecode.wxtools.api.WxService.execute(WxService.java:907)
	at com.soecode.wxtools.api.WxService.executeInternal(WxService.java:953)
	at com.soecode.wxtools.api.WxService.execute(WxService.java:907)
	at com.soecode.wxtools.api.WxService.executeInternal(WxService.java:953)
	at com.soecode.wxtools.api.WxService.execute(WxService.java:907)
	at com.soecode.wxtools.api.WxService.executeInternal(WxService.java:953)
	at com.soecode.wxtools.api.WxService.execute(WxService.java:907)
	at com.soecode.wxtools.api.WxService.executeInternal(WxService.java:953)
	at com.soecode.wxtools.api.WxService.execute(WxService.java:907)
	at com.soecode.wxtools.api.WxService.executeInternal(WxService.java:953)
	at com.soecode.wxtools.api.WxService.execute(WxService.java:907)
	at com.soecode.wxtools.api.WxService.executeInternal(WxService.java:953)
	at com.soecode.wxtools.api.WxService.execute(WxService.java:907)
	at com.soecode.wxtools.api.WxService.executeInternal(WxService.java:953)
	at com.soecode.wxtools.api.WxService.execute(WxService.java:907)
	at com.soecode.wxtools.api.WxService.executeInternal(WxService.java:953)
	at com.soecode.wxtools.api.WxService.execute(WxService.java:907)
	at com.soecode.wxtools.api.WxService.executeInternal(WxService.java:953)
	at com.soecode.wxtools.api.WxService.execute(WxService.java:907)
	at com.soecode.wxtools.api.WxService.executeInternal(WxService.java:953)
	at com.soecode.wxtools.api.WxService.execute(WxService.java:907)
	at com.soecode.wxtools.api.WxService.executeInternal(WxService.java:953)
	at com.soecode.wxtools.api.WxService.execute(WxService.java:907)
	at com.soecode.wxtools.api.WxService.executeInternal(WxService.java:953)
	at com.soecode.wxtools.api.WxService.execute(WxService.java:907)
	at com.soecode.wxtools.api.WxService.executeInternal(WxService.java:953)
	at com.soecode.wxtools.api.WxService.execute(WxService.java:907)
	at com.soecode.wxtools.api.WxService.executeInternal(WxService.java:953)
	at com.soecode.wxtools.api.WxService.execute(WxService.java:907)
	at com.soecode.wxtools.api.WxService.executeInternal(WxService.java:953)
	at com.soecode.wxtools.api.WxService.execute(WxService.java:907)
	at com.soecode.wxtools.api.WxService.executeInternal(WxService.java:953)
	at com.soecode.wxtools.api.WxService.execute(WxService.java:907)
	at com.soecode.wxtools.api.WxService.executeInternal(WxService.java:953)
	at com.soecode.wxtools.api.WxService.execute(WxService.java:907)
	at com.soecode.wxtools.api.WxService.executeInternal(WxService.java:953)
	at com.soecode.wxtools.api.WxService.execute(WxService.java:907)
	at com.soecode.wxtools.api.WxService.executeInternal(WxService.java:953)
	at com.soecode.wxtools.api.WxService.execute(WxService.java:907)
	at com.soecode.wxtools.api.WxService.executeInternal(WxService.java:953)
	at com.soecode.wxtools.api.WxService.execute(WxService.java:907)
	at com.soecode.wxtools.api.WxService.executeInternal(WxService.java:953)
	at com.soecode.wxtools.api.WxService.execute(WxService.java:907)
	at com.soecode.wxtools.api.WxService.executeInternal(WxService.java:953)
	at com.soecode.wxtools.api.WxService.execute(WxService.java:907)
	at com.soecode.wxtools.api.WxService.executeInternal(WxService.java:953)
	at com.soecode.wxtools.api.WxService.execute(WxService.java:907)
	at com.soecode.wxtools.api.WxService.executeInternal(WxService.java:953)
	at com.soecode.wxtools.api.WxService.execute(WxService.java:907)
	at com.soecode.wxtools.api.WxService.executeInternal(WxService.java:953)
	at com.soecode.wxtools.api.WxService.execute(WxService.java:907)
	at com.soecode.wxtools.api.WxService.executeInternal(WxService.java:953)
	at com.soecode.wxtools.api.WxService.execute(WxService.java:907)
	at com.soecode.wxtools.api.WxService.executeInternal(WxService.java:953)
	at com.soecode.wxtools.api.WxService.execute(WxService.java:907)
	at com.soecode.wxtools.api.WxService.executeInternal(WxService.java:953)
	at com.soecode.wxtools.api.WxService.execute(WxService.java:907)
	at com.soecode.wxtools.api.WxService.executeInternal(WxService.java:953)
	at com.soecode.wxtools.api.WxService.execute(WxService.java:907)
	at com.soecode.wxtools.api.WxService.executeInternal(WxService.java:953)
	at com.soecode.wxtools.api.WxService.execute(WxService.java:907)
	at com.soecode.wxtools.api.WxService.executeInternal(WxService.java:953)
	at com.soecode.wxtools.api.WxService.execute(WxService.java:907)
	at com.soecode.wxtools.api.WxService.executeInternal(WxService.java:953)
	at com.soecode.wxtools.api.WxService.execute(WxService.java:907)
	at com.soecode.wxtools.api.WxService.executeInternal(WxService.java:953)
	at com.soecode.wxtools.api.WxService.execute(WxService.java:907)
	at com.soecode.wxtools.api.WxService.executeInternal(WxService.java:953)
	at com.soecode.wxtools.api.WxService.execute(WxService.java:907)
	at com.soecode.wxtools.api.WxService.executeInternal(WxService.java:953)
	at com.soecode.wxtools.api.WxService.execute(WxService.java:907)
	at com.soecode.wxtools.api.WxService.executeInternal(WxService.java:953)
	at com.soecode.wxtools.api.WxService.execute(WxService.java:907)
	at com.soecode.wxtools.api.WxService.executeInternal(WxService.java:953)
	at com.soecode.wxtools.api.WxService.execute(WxService.java:907)
	at com.soecode.wxtools.api.WxService.executeInternal(WxService.java:953)
	at com.soecode.wxtools.api.WxService.execute(WxService.java:907)
	at com.soecode.wxtools.api.WxService.executeInternal(WxService.java:953)
	at com.soecode.wxtools.api.WxService.execute(WxService.java:907)
	at com.soecode.wxtools.api.WxService.executeInternal(WxService.java:953)
	at com.soecode.wxtools.api.WxService.execute(WxService.java:907)
	at com.soecode.wxtools.api.WxService.executeInternal(WxService.java:953)
	at com.soecode.wxtools.api.WxService.execute(WxService.java:907)
	at com.soecode.wxtools.api.WxService.executeInternal(WxService.java:953)
	at com.soecode.wxtools.api.WxService.execute(WxService.java:907)
	at com.soecode.wxtools.api.WxService.executeInternal(WxService.java:953)
	at com.soecode.wxtools.api.WxService.execute(WxService.java:907)
	at com.soecode.wxtools.api.WxService.executeInternal(WxService.java:953)
	at com.soecode.wxtools.api.WxService.execute(WxService.java:907)
	at com.soecode.wxtools.api.WxService.executeInternal(WxService.java:953)
	at com.soecode.wxtools.api.WxService.execute(WxService.java:907)
	at com.soecode.wxtools.api.WxService.executeInternal(WxService.java:953)
	at com.soecode.wxtools.api.WxService.execute(WxService.java:907)
	at com.soecode.wxtools.api.WxService.executeInternal(WxService.java:953)
	at com.soecode.wxtools.api.WxService.execute(WxService.java:907)
	at com.soecode.wxtools.api.WxService.executeInternal(WxService.java:953)
	at com.soecode.wxtools.api.WxService.execute(WxService.java:907)
	at com.soecode.wxtools.api.WxService.executeInternal(WxService.java:953)
	at com.soecode.wxtools.api.WxService.execute(WxService.java:907)
	at com.soecode.wxtools.api.WxService.executeInternal(WxService.java:953)
	at com.soecode.wxtools.api.WxService.execute(WxService.java:907)
	at com.soecode.wxtools.api.WxService.executeInternal(WxService.java:953)
	at com.soecode.wxtools.api.WxService.execute(WxService.java:907)
	at com.soecode.wxtools.api.WxService.executeInternal(WxService.java:953)
	at com.soecode.wxtools.api.WxService.execute(WxService.java:907)
	at com.soecode.wxtools.api.WxService.executeInternal(WxService.java:953)
	at com.soecode.wxtools.api.WxService.execute(WxService.java:907)
	at com.soecode.wxtools.api.WxService.executeInternal(WxService.java:953)
	at com.soecode.wxtools.api.WxService.execute(WxService.java:907)
	at com.soecode.wxtools.api.WxService.executeInternal(WxService.java:953)
	at com.soecode.wxtools.api.WxService.execute(WxService.java:907)
	at com.soecode.wxtools.api.WxService.executeInternal(WxService.java:953)
	at com.soecode.wxtools.api.WxService.execute(WxService.java:907)
	at com.soecode.wxtools.api.WxService.executeInternal(WxService.java:953)
	at com.soecode.wxtools.api.WxService.execute(WxService.java:907)
	at com.soecode.wxtools.api.WxService.executeInternal(WxService.java:953)
	at com.soecode.wxtools.api.WxService.execute(WxService.java:907)
	at com.soecode.wxtools.api.WxService.executeInternal(WxService.java:953)
	at com.soecode.wxtools.api.WxService.execute(WxService.java:907)
	at com.soecode.wxtools.api.WxService.executeInternal(WxService.java:953)
	at com.soecode.wxtools.api.WxService.execute(WxService.java:907)
	at com.soecode.wxtools.api.WxService.executeInternal(WxService.java:953)
	at com.soecode.wxtools.api.WxService.execute(WxService.java:907)
	at com.soecode.wxtools.api.WxService.executeInternal(WxService.java:953)
	at com.soecode.wxtools.api.WxService.execute(WxService.java:907)
	at com.soecode.wxtools.api.WxService.executeInternal(WxService.java:953)
	at com.soecode.wxtools.api.WxService.execute(WxService.java:907)
	at com.soecode.wxtools.api.WxService.executeInternal(WxService.java:953)
	at com.soecode.wxtools.api.WxService.execute(WxService.java:907)
	at com.soecode.wxtools.api.WxService.executeInternal(WxService.java:953)
	at com.soecode.wxtools.api.WxService.execute(WxService.java:907)
	at com.soecode.wxtools.api.WxService.executeInternal(WxService.java:953)
	at com.soecode.wxtools.api.WxService.execute(WxService.java:907)
	at com.soecode.wxtools.api.WxService.executeInternal(WxService.java:953)
	at com.soecode.wxtools.api.WxService.execute(WxService.java:907)
	at com.soecode.wxtools.api.WxService.executeInternal(WxService.java:953)
	at com.soecode.wxtools.api.WxService.execute(WxService.java:907)
	at com.soecode.wxtools.api.WxService.executeInternal(WxService.java:953)
	at com.soecode.wxtools.api.WxService.execute(WxService.java:907)
	at com.soecode.wxtools.api.WxService.executeInternal(WxService.java:953)
	at com.soecode.wxtools.api.WxService.execute(WxService.java:907)
	at com.soecode.wxtools.api.WxService.executeInternal(WxService.java:953)
	at com.soecode.wxtools.api.WxService.execute(WxService.java:907)
	at com.soecode.wxtools.api.WxService.executeInternal(WxService.java:953)
	at com.soecode.wxtools.api.WxService.execute(WxService.java:907)
	at com.soecode.wxtools.api.WxService.executeInternal(WxService.java:953)
	at com.soecode.wxtools.api.WxService.execute(WxService.java:907)
	at com.soecode.wxtools.api.WxService.executeInternal(WxService.java:953)
	at com.soecode.wxtools.api.WxService.execute(WxService.java:907)
	at com.soecode.wxtools.api.WxService.executeInternal(WxService.java:953)
	at com.soecode.wxtools.api.WxService.execute(WxService.java:907)
	at com.soecode.wxtools.api.WxService.executeInternal(WxService.java:953)
	at com.soecode.wxtools.api.WxService.execute(WxService.java:907)
	at com.soecode.wxtools.api.WxService.executeInternal(WxService.java:953)
	at com.soecode.wxtools.api.WxService.execute(WxService.java:907)
	at com.soecode.wxtools.api.WxService.executeInternal(WxService.java:953)
	at com.soecode.wxtools.api.WxService.execute(WxService.java:907)
	at com.soecode.wxtools.api.WxService.executeInternal(WxService.java:953)
	at com.soecode.wxtools.api.WxService.execute(WxService.java:907)
	at com.soecode.wxtools.api.WxService.executeInternal(WxService.java:953)
	at com.soecode.wxtools.api.WxService.execute(WxService.java:907)
	at com.soecode.wxtools.api.WxService.executeInternal(WxService.java:953)
	at com.soecode.wxtools.api.WxService.execute(WxService.java:907)
	at com.soecode.wxtools.api.WxService.executeInternal(WxService.java:953)
	at com.soecode.wxtools.api.WxService.execute(WxService.java:907)
	at com.soecode.wxtools.api.WxService.executeInternal(WxService.java:953)
	at com.soecode.wxtools.api.WxService.execute(WxService.java:907)
	at com.soecode.wxtools.api.WxService.executeInternal(WxService.java:953)
	at com.soecode.wxtools.api.WxService.execute(WxService.java:907)
	at com.soecode.wxtools.api.WxService.executeInternal(WxService.java:953)
	at com.soecode.wxtools.api.WxService.execute(WxService.java:907)
	at com.soecode.wxtools.api.WxService.executeInternal(WxService.java:953)
	at com.soecode.wxtools.api.WxService.execute(WxService.java:907)
	at com.soecode.wxtools.api.WxService.executeInternal(WxService.java:953)
	at com.soecode.wxtools.api.WxService.execute(WxService.java:907)
	at com.soecode.wxtools.api.WxService.executeInternal(WxService.java:953)
	at com.soecode.wxtools.api.WxService.execute(WxService.java:907)
	at com.soecode.wxtools.api.WxService.executeInternal(WxService.java:953)
	at com.soecode.wxtools.api.WxService.execute(WxService.java:907)
	at com.soecode.wxtools.api.WxService.executeInternal(WxService.java:953)
	at com.soecode.wxtools.api.WxService.execute(WxService.java:907)
	at com.soecode.wxtools.api.WxService.executeInternal(WxService.java:953)
	at com.soecode.wxtools.api.WxService.execute(WxService.java:907)
	at com.soecode.wxtools.api.WxService.executeInternal(WxService.java:953)
	at com.soecode.wxtools.api.WxService.execute(WxService.java:907)
	at com.soecode.wxtools.api.WxService.executeInternal(WxService.java:953)
	at com.soecode.wxtools.api.WxService.execute(WxService.java:907)
	at com.soecode.wxtools.api.WxService.executeInternal(WxService.java:953)
	at com.soecode.wxtools.api.WxService.execute(WxService.java:907)
	at com.soecode.wxtools.api.WxService.executeInternal(WxService.java:953)
	at com.soecode.wxtools.api.WxService.execute(WxService.java:907)
	at com.soecode.wxtools.api.WxService.executeInternal(WxService.java:953)
	at com.soecode.wxtools.api.WxService.execute(WxService.java:907)
	at com.soecode.wxtools.api.WxService.executeInternal(WxService.java:953)
	at com.soecode.wxtools.api.WxService.execute(WxService.java:907)
	at com.soecode.wxtools.api.WxService.executeInternal(WxService.java:953)
	at com.soecode.wxtools.api.WxService.execute(WxService.java:907)
	at com.soecode.wxtools.api.WxService.executeInternal(WxService.java:953)
	at com.soecode.wxtools.api.WxService.execute(WxService.java:907)
	at com.soecode.wxtools.api.WxService.executeInternal(WxService.java:953)
	at com.soecode.wxtools.api.WxService.execute(WxService.java:907)
	at com.soecode.wxtools.api.WxService.executeInternal(WxService.java:953)
	at com.soecode.wxtools.api.WxService.execute(WxService.java:907)
	at com.soecode.wxtools.api.WxService.executeInternal(WxService.java:953)
	at com.soecode.wxtools.api.WxService.execute(WxService.java:907)
	at com.soecode.wxtools.api.WxService.executeInternal(WxService.java:953)
	at com.soecode.wxtools.api.WxService.execute(WxService.java:907)
	at com.soecode.wxtools.api.WxService.executeInternal(WxService.java:953)
	at com.soecode.wxtools.api.WxService.execute(WxService.java:907)
	at com.soecode.wxtools.api.WxService.executeInternal(WxService.java:953)
	at com.soecode.wxtools.api.WxService.execute(WxService.java:907)
	at com.soecode.wxtools.api.WxService.executeInternal(WxService.java:953)
	at com.soecode.wxtools.api.WxService.execute(WxService.java:907)
	at com.soecode.wxtools.api.WxService.executeInternal(WxService.java:953)
	at com.soecode.wxtools.api.WxService.execute(WxService.java:907)
	at com.soecode.wxtools.api.WxService.executeInternal(WxService.java:953)
	at com.soecode.wxtools.api.WxService.execute(WxService.java:907)
	at com.soecode.wxtools.api.WxService.executeInternal(WxService.java:953)
	at com.soecode.wxtools.api.WxService.execute(WxService.java:907)
	at com.soecode.wxtools.api.WxService.executeInternal(WxService.java:953)
	at com.soecode.wxtools.api.WxService.execute(WxService.java:907)
	at com.soecode.wxtools.api.WxService.executeInternal(WxService.java:953)
	at com.soecode.wxtools.api.WxService.execute(WxService.java:907)
	at com.soecode.wxtools.api.WxService.executeInternal(WxService.java:953)
	at com.soecode.wxtools.api.WxService.execute(WxService.java:907)
	at com.soecode.wxtools.api.WxService.executeInternal(WxService.java:953)
	at com.soecode.wxtools.api.WxService.execute(WxService.java:907)
	at com.soecode.wxtools.api.WxService.executeInternal(WxService.java:953)
	at com.soecode.wxtools.api.WxService.execute(WxService.java:907)
	at com.soecode.wxtools.api.WxService.executeInternal(WxService.java:953)
	at com.soecode.wxtools.api.WxService.execute(WxService.java:907)
	at com.soecode.wxtools.api.WxService.executeInternal(WxService.java:953)
	at com.soecode.wxtools.api.WxService.execute(WxService.java:907)
	at com.soecode.wxtools.api.WxService.executeInternal(WxService.java:953)
	at com.soecode.wxtools.api.WxService.execute(WxService.java:907)
	at com.soecode.wxtools.api.WxService.executeInternal(WxService.java:953)
	at com.soecode.wxtools.api.WxService.execute(WxService.java:907)
	at com.soecode.wxtools.api.WxService.executeInternal(WxService.java:953)
	at com.soecode.wxtools.api.WxService.execute(WxService.java:907)
	at com.soecode.wxtools.api.WxService.executeInternal(WxService.java:953)
	at com.soecode.wxtools.api.WxService.execute(WxService.java:907)
	at com.soecode.wxtools.api.WxService.executeInternal(WxService.java:953)
	at com.soecode.wxtools.api.WxService.execute(WxService.java:907)
	at com.soecode.wxtools.api.WxService.executeInternal(WxService.java:953)
	at com.soecode.wxtools.api.WxService.execute(WxService.java:907)
	at com.soecode.wxtools.api.WxService.executeInternal(WxService.java:953)
	at com.soecode.wxtools.api.WxService.execute(WxService.java:907)
	at com.soecode.wxtools.api.WxService.executeInternal(WxService.java:953)
	at com.soecode.wxtools.api.WxService.execute(WxService.java:907)
	at com.soecode.wxtools.api.WxService.executeInternal(WxService.java:953)
	at com.soecode.wxtools.api.WxService.execute(WxService.java:907)
	at com.soecode.wxtools.api.WxService.executeInternal(WxService.java:953)
	at com.soecode.wxtools.api.WxService.execute(WxService.java:907)
	at com.soecode.wxtools.api.WxService.executeInternal(WxService.java:953)
	at com.soecode.wxtools.api.WxService.execute(WxService.java:907)
	at com.soecode.wxtools.api.WxService.executeInternal(WxService.java:953)
	at com.soecode.wxtools.api.WxService.execute(WxService.java:907)
	at com.soecode.wxtools.api.WxService.executeInternal(WxService.java:953)
	at com.soecode.wxtools.api.WxService.execute(WxService.java:907)
	at com.soecode.wxtools.api.WxService.executeInternal(WxService.java:953)
	at com.soecode.wxtools.api.WxService.execute(WxService.java:907)
	at com.soecode.wxtools.api.WxService.executeInternal(WxService.java:953)
	at com.soecode.wxtools.api.WxService.execute(WxService.java:907)
	at com.soecode.wxtools.api.WxService.executeInternal(WxService.java:953)
	at com.soecode.wxtools.api.WxService.execute(WxService.java:907)
	at com.soecode.wxtools.api.WxService.executeInternal(WxService.java:953)
	at com.soecode.wxtools.api.WxService.execute(WxService.java:907)
	at com.soecode.wxtools.api.WxService.executeInternal(WxService.java:953)
	at com.soecode.wxtools.api.WxService.execute(WxService.java:907)
	at com.soecode.wxtools.api.WxService.executeInternal(WxService.java:953)
	at com.soecode.wxtools.api.WxService.execute(WxService.java:907)
	at com.soecode.wxtools.api.WxService.executeInternal(WxService.java:953)
	at com.soecode.wxtools.api.WxService.execute(WxService.java:907)
	at com.soecode.wxtools.api.WxService.executeInternal(WxService.java:953)
	at com.soecode.wxtools.api.WxService.execute(WxService.java:907)
	at com.soecode.wxtools.api.WxService.executeInternal(WxService.java:953)
	at com.soecode.wxtools.api.WxService.execute(WxService.java:907)
	at com.soecode.wxtools.api.WxService.executeInternal(WxService.java:953)
	at com.soecode.wxtools.api.WxService.execute(WxService.java:907)
	at com.soecode.wxtools.api.WxService.executeInternal(WxService.java:953)
	at com.soecode.wxtools.api.WxService.execute(WxService.java:907)
	at com.soecode.wxtools.api.WxService.executeInternal(WxService.java:953)
	at com.soecode.wxtools.api.WxService.execute(WxService.java:907)
	at com.soecode.wxtools.api.WxService.executeInternal(WxService.java:953)
	at com.soecode.wxtools.api.WxService.execute(WxService.java:907)
	at com.soecode.wxtools.api.WxService.executeInternal(WxService.java:953)
	at com.soecode.wxtools.api.WxService.execute(WxService.java:907)
	at com.soecode.wxtools.api.WxService.executeInternal(WxService.java:953)
	at com.soecode.wxtools.api.WxService.execute(WxService.java:907)
	at com.soecode.wxtools.api.WxService.executeInternal(WxService.java:953)
	at com.soecode.wxtools.api.WxService.execute(WxService.java:907)
	at com.soecode.wxtools.api.WxService.executeInternal(WxService.java:953)
	at com.soecode.wxtools.api.WxService.execute(WxService.java:907)
	at com.soecode.wxtools.api.WxService.executeInternal(WxService.java:953)
	at com.soecode.wxtools.api.WxService.execute(WxService.java:907)
	at com.soecode.wxtools.api.WxService.executeInternal(WxService.java:953)
	at com.soecode.wxtools.api.WxService.execute(WxService.java:907)
	at com.soecode.wxtools.api.WxService.executeInternal(WxService.java:953)
	at com.soecode.wxtools.api.WxService.execute(WxService.java:907)
	at com.soecode.wxtools.api.WxService.executeInternal(WxService.java:953)
	at com.soecode.wxtools.api.WxService.execute(WxService.java:907)
	at com.soecode.wxtools.api.WxService.executeInternal(WxService.java:953)
	at com.soecode.wxtools.api.WxService.execute(WxService.java:907)
	at com.soecode.wxtools.api.WxService.executeInternal(WxService.java:953)
	at com.soecode.wxtools.api.WxService.execute(WxService.java:907)
	at com.soecode.wxtools.api.WxService.executeInternal(WxService.java:953)
	at com.soecode.wxtools.api.WxService.execute(WxService.java:907)
	at com.soecode.wxtools.api.WxService.executeInternal(WxService.java:953)
	at com.soecode.wxtools.api.WxService.execute(WxService.java:907)
	at com.soecode.wxtools.api.WxService.executeInternal(WxService.java:953)
	at com.soecode.wxtools.api.WxService.execute(WxService.java:907)
	at com.soecode.wxtools.api.WxService.executeInternal(WxService.java:953)
	at com.soecode.wxtools.api.WxService.execute(WxService.java:907)
	at com.soecode.wxtools.api.WxService.executeInternal(WxService.java:953)
	at com.soecode.wxtools.api.WxService.execute(WxService.java:907)
	at com.soecode.wxtools.api.WxService.executeInternal(WxService.java:953)
	at com.soecode.wxtools.api.WxService.execute(WxService.java:907)
	at com.soecode.wxtools.api.WxService.executeInternal(WxService.java:953)
	at com.soecode.wxtools.api.WxService.execute(WxService.java:907)
	at com.soecode.wxtools.api.WxService.executeInternal(WxService.java:953)
	at com.soecode.wxtools.api.WxService.execute(WxService.java:907)
	at com.soecode.wxtools.api.WxService.executeInternal(WxService.java:953)
	at com.soecode.wxtools.api.WxService.execute(WxService.java:907)
	at com.soecode.wxtools.api.WxService.executeInternal(WxService.java:953)
	at com.soecode.wxtools.api.WxService.execute(WxService.java:907)
	at com.soecode.wxtools.api.WxService.executeInternal(WxService.java:953)
	at com.soecode.wxtools.api.WxService.execute(WxService.java:907)
	at com.soecode.wxtools.api.WxService.executeInternal(WxService.java:953)
	at com.soecode.wxtools.api.WxService.execute(WxService.java:907)
	at com.soecode.wxtools.api.WxService.executeInternal(WxService.java:953)
	at com.soecode.wxtools.api.WxService.execute(WxService.java:907)
	at com.soecode.wxtools.api.WxService.executeInternal(WxService.java:953)
	at com.soecode.wxtools.api.WxService.execute(WxService.java:907)
	at com.soecode.wxtools.api.WxService.executeInternal(WxService.java:953)
	at com.soecode.wxtools.api.WxService.execute(WxService.java:907)
	at com.soecode.wxtools.api.WxService.executeInternal(WxService.java:953)
	at com.soecode.wxtools.api.WxService.execute(WxService.java:907)
	at com.soecode.wxtools.api.WxService.executeInternal(WxService.java:953)
	at com.soecode.wxtools.api.WxService.execute(WxService.java:907)
	at com.soecode.wxtools.api.WxService.executeInternal(WxService.java:953)
	at com.soecode.wxtools.api.WxService.execute(WxService.java:907)
	at com.soecode.wxtools.api.WxService.executeInternal(WxService.java:953)
	at com.soecode.wxtools.api.WxService.execute(WxService.java:907)
	at com.soecode.wxtools.api.WxService.executeInternal(WxService.java:953)
	at com.soecode.wxtools.api.WxService.execute(WxService.java:907)
	at com.soecode.wxtools.api.WxService.executeInternal(WxService.java:953)
	at com.soecode.wxtools.api.WxService.execute(WxService.java:907)
	at com.soecode.wxtools.api.WxService.executeInternal(WxService.java:953)
	at com.soecode.wxtools.api.WxService.execute(WxService.java:907)
	at com.soecode.wxtools.api.WxService.executeInternal(WxService.java:953)
	at com.soecode.wxtools.api.WxService.execute(WxService.java:907)
	at com.soecode.wxtools.api.WxService.executeInternal(WxService.java:953)
	at com.soecode.wxtools.api.WxService.execute(WxService.java:907)
	at com.soecode.wxtools.api.WxService.executeInternal(WxService.java:953)
	at com.soecode.wxtools.api.WxService.execute(WxService.java:907)
	at com.soecode.wxtools.api.WxService.executeInternal(WxService.java:953)
	at com.soecode.wxtools.api.WxService.execute(WxService.java:907)
	at com.soecode.wxtools.api.WxService.executeInternal(WxService.java:953)
	at com.soecode.wxtools.api.WxService.execute(WxService.java:907)
	at com.soecode.wxtools.api.WxService.executeInternal(WxService.java:953)
	at com.soecode.wxtools.api.WxService.execute(WxService.java:907)
	at com.soecode.wxtools.api.WxService.executeInternal(WxService.java:953)
	at com.soecode.wxtools.api.WxService.execute(WxService.java:907)
	at com.soecode.wxtools.api.WxService.executeInternal(WxService.java:953)
	at com.soecode.wxtools.api.WxService.execute(WxService.java:907)
	at com.soecode.wxtools.api.WxService.executeInternal(WxService.java:953)
	at com.soecode.wxtools.api.WxService.execute(WxService.java:907)
	at com.soecode.wxtools.api.WxService.executeInternal(WxService.java:953)
	at com.soecode.wxtools.api.WxService.execute(WxService.java:907)
	at com.soecode.wxtools.api.WxService.executeInternal(WxService.java:953)
	at com.soecode.wxtools.api.WxService.execute(WxService.java:907)
	at com.soecode.wxtools.api.WxService.executeInternal(WxService.java:953)
	at com.soecode.wxtools.api.WxService.execute(WxService.java:907)
	at com.soecode.wxtools.api.WxService.executeInternal(WxService.java:953)
	at com.soecode.wxtools.api.WxService.execute(WxService.java:907)
	at com.soecode.wxtools.api.WxService.executeInternal(WxService.java:953)
	at com.soecode.wxtools.api.WxService.execute(WxService.java:907)
	at com.soecode.wxtools.api.WxService.executeInternal(WxService.java:953)
	at com.soecode.wxtools.api.WxService.execute(WxService.java:907)
	at com.soecode.wxtools.api.WxService.executeInternal(WxService.java:953)
	at com.soecode.wxtools.api.WxService.execute(WxService.java:907)
	at com.soecode.wxtools.api.WxService.executeInternal(WxService.java:953)
	at com.soecode.wxtools.api.WxService.execute(WxService.java:907)
	at com.soecode.wxtools.api.WxService.executeInternal(WxService.java:953)
	at com.soecode.wxtools.api.WxService.execute(WxService.java:907)
	at com.soecode.wxtools.api.WxService.executeInternal(WxService.java:953)
	at com.soecode.wxtools.api.WxService.execute(WxService.java:907)
	at com.soecode.wxtools.api.WxService.executeInternal(WxService.java:953)
	at com.soecode.wxtools.api.WxService.execute(WxService.java:907)
	at com.soecode.wxtools.api.WxService.executeInternal(WxService.java:953)
	at com.soecode.wxtools.api.WxService.execute(WxService.java:907)
	at com.soecode.wxtools.api.WxService.executeInternal(WxService.java:953)
	at com.soecode.wxtools.api.WxService.execute(WxService.java:907)
	at com.soecode.wxtools.api.WxService.executeInternal(WxService.java:953)
	at com.soecode.wxtools.api.WxService.execute(WxService.java:907)
	at com.soecode.wxtools.api.WxService.executeInternal(WxService.java:953)
	at com.soecode.wxtools.api.WxService.execute(WxService.java:907)
	at com.soecode.wxtools.api.WxService.executeInternal(WxService.java:953)
	at com.soecode.wxtools.api.WxService.execute(WxService.java:907)
	at com.soecode.wxtools.api.WxService.executeInternal(WxService.java:953)
	at com.soecode.wxtools.api.WxService.execute(WxService.java:907)
	at com.soecode.wxtools.api.WxService.executeInternal(WxService.java:953)
	at com.soecode.wxtools.api.WxService.execute(WxService.java:907)
	at com.soecode.wxtools.api.WxService.executeInternal(WxService.java:953)
	at com.soecode.wxtools.api.WxService.execute(WxService.java:907)
	at com.soecode.wxtools.api.WxService.executeInternal(WxService.java:953)
	at com.soecode.wxtools.api.WxService.execute(WxService.java:907)
	at com.soecode.wxtools.api.WxService.executeInternal(WxService.java:953)
	at com.soecode.wxtools.api.WxService.execute(WxService.java:907)
	at com.soecode.wxtools.api.WxService.executeInternal(WxService.java:953)
	at com.soecode.wxtools.api.WxService.execute(WxService.java:907)
	at com.soecode.wxtools.api.WxService.executeInternal(WxService.java:953)
	at com.soecode.wxtools.api.WxService.execute(WxService.java:907)
	at com.soecode.wxtools.api.WxService.executeInternal(WxService.java:953)
	at com.soecode.wxtools.api.WxService.execute(WxService.java:907)
	at com.soecode.wxtools.api.WxService.executeInternal(WxService.java:953)
	at com.soecode.wxtools.api.WxService.execute(WxService.java:907)
	at com.soecode.wxtools.api.WxService.executeInternal(WxService.java:953)
	at com.soecode.wxtools.api.WxService.execute(WxService.java:907)
	at com.soecode.wxtools.api.WxService.executeInternal(WxService.java:953)
	at com.soecode.wxtools.api.WxService.execute(WxService.java:907)
	at com.soecode.wxtools.api.WxService.executeInternal(WxService.java:953)
	at com.soecode.wxtools.api.WxService.execute(WxService.java:907)
	at com.soecode.wxtools.api.WxService.executeInternal(WxService.java:953)
	at com.soecode.wxtools.api.WxService.execute(WxService.java:907)
	at com.soecode.wxtools.api.WxService.executeInternal(WxService.java:953)
	at com.soecode.wxtools.api.WxService.execute(WxService.java:907)
	at com.soecode.wxtools.api.WxService.executeInternal(WxService.java:953)
	at com.soecode.wxtools.api.WxService.execute(WxService.java:907)
	at com.soecode.wxtools.api.WxService.executeInternal(WxService.java:953)
	at com.soecode.wxtools.api.WxService.execute(WxService.java:907)
	at com.soecode.wxtools.api.WxService.executeInternal(WxService.java:953)
	at com.soecode.wxtools.api.WxService.execute(WxService.java:907)
	at com.soecode.wxtools.api.WxService.executeInternal(WxService.java:953)
	at com.soecode.wxtools.api.WxService.execute(WxService.java:907)
	at com.soecode.wxtools.api.WxService.executeInternal(WxService.java:953)
	at com.soecode.wxtools.api.WxService.execute(WxService.java:907)
	at com.soecode.wxtools.api.WxService.executeInternal(WxService.java:953)
	at com.soecode.wxtools.api.WxService.execute(WxService.java:907)
	at com.soecode.wxtools.api.WxService.executeInternal(WxService.java:953)
	at com.soecode.wxtools.api.WxService.execute(WxService.java:907)
	at com.soecode.wxtools.api.WxService.executeInternal(WxService.java:953)
	at com.soecode.wxtools.api.WxService.execute(WxService.java:907)
	at com.soecode.wxtools.api.WxService.executeInternal(WxService.java:953)
	at com.soecode.wxtools.api.WxService.execute(WxService.java:907)
	at com.soecode.wxtools.api.WxService.executeInternal(WxService.java:953)
	at com.soecode.wxtools.api.WxService.execute(WxService.java:907)
	at com.soecode.wxtools.api.WxService.executeInternal(WxService.java:953)
	at com.soecode.wxtools.api.WxService.execute(WxService.java:907)
	at com.soecode.wxtools.api.WxService.executeInternal(WxService.java:953)
	at com.soecode.wxtools.api.WxService.execute(WxService.java:907)
	at com.soecode.wxtools.api.WxService.executeInternal(WxService.java:953)
	at com.soecode.wxtools.api.WxService.execute(WxService.java:907)
	at com.soecode.wxtools.api.WxService.executeInternal(WxService.java:953)
	at com.soecode.wxtools.api.WxService.execute(WxService.java:907)
	at com.soecode.wxtools.api.WxService.executeInternal(WxService.java:953)
	at com.soecode.wxtools.api.WxService.execute(WxService.java:907)
	at com.soecode.wxtools.api.WxService.executeInternal(WxService.java:953)
	at com.soecode.wxtools.api.WxService.execute(WxService.java:907)
	at com.soecode.wxtools.api.WxService.executeInternal(WxService.java:953)
	at com.soecode.wxtools.api.WxService.execute(WxService.java:907)
	at com.soecode.wxtools.api.WxService.executeInternal(WxService.java:953)
	at com.soecode.wxtools.api.WxService.execute(WxService.java:907)
	at com.soecode.wxtools.api.WxService.executeInternal(WxService.java:953)
	at com.soecode.wxtools.api.WxService.execute(WxService.java:907)
	at com.soecode.wxtools.api.WxService.executeInternal(WxService.java:953)
	at com.soecode.wxtools.api.WxService.execute(WxService.java:907)
	at com.soecode.wxtools.api.WxService.executeInternal(WxService.java:953)
	at com.soecode.wxtools.api.WxService.execute(WxService.java:907)
	at com.soecode.wxtools.api.WxService.executeInternal(WxService.java:953)
	at com.soecode.wxtools.api.WxService.execute(WxService.java:907)
	at com.soecode.wxtools.api.WxService.executeInternal(WxService.java:953)
	at com.soecode.wxtools.api.WxService.execute(WxService.java:907)
	at com.soecode.wxtools.api.WxService.executeInternal(WxService.java:953)
	at com.soecode.wxtools.api.WxService.execute(WxService.java:907)
	at com.soecode.wxtools.api.WxService.executeInternal(WxService.java:953)
	at com.soecode.wxtools.api.WxService.execute(WxService.java:907)
	at com.soecode.wxtools.api.WxService.executeInternal(WxService.java:953)
	at com.soecode.wxtools.api.WxService.execute(WxService.java:907)
	at com.soecode.wxtools.api.WxService.executeInternal(WxService.java:953)
	at com.soecode.wxtools.api.WxService.execute(WxService.java:907)
	at com.soecode.wxtools.api.WxService.executeInternal(WxService.java:953)
	at com.soecode.wxtools.api.WxService.execute(WxService.java:907)
	at com.soecode.wxtools.api.WxService.executeInternal(WxService.java:953)
	at com.soecode.wxtools.api.WxService.execute(WxService.java:907)
	at com.soecode.wxtools.api.WxService.executeInternal(WxService.java:953)
	at com.soecode.wxtools.api.WxService.execute(WxService.java:907)
	at com.soecode.wxtools.api.WxService.executeInternal(WxService.java:953)
	at com.soecode.wxtools.api.WxService.execute(WxService.java:907)
	at com.soecode.wxtools.api.WxService.executeInternal(WxService.java:953)
	at com.soecode.wxtools.api.WxService.execute(WxService.java:907)
	at com.soecode.wxtools.api.WxService.executeInternal(WxService.java:953)
	at com.soecode.wxtools.api.WxService.execute(WxService.java:907)
	at com.soecode.wxtools.api.WxService.executeInternal(WxService.java:953)
	at com.soecode.wxtools.api.WxService.execute(WxService.java:907)
	at com.soecode.wxtools.api.WxService.executeInternal(WxService.java:953)
	at com.soecode.wxtools.api.WxService.execute(WxService.java:907)
	at com.soecode.wxtools.api.WxService.executeInternal(WxService.java:953)
	at com.soecode.wxtools.api.WxService.execute(WxService.java:907)
	at com.soecode.wxtools.api.WxService.executeInternal(WxService.java:953)
	at com.soecode.wxtools.api.WxService.execute(WxService.java:907)
	at com.soecode.wxtools.api.WxService.executeInternal(WxService.java:953)
	at com.soecode.wxtools.api.WxService.execute(WxService.java:907)
	at com.soecode.wxtools.api.WxService.executeInternal(WxService.java:953)
	at com.soecode.wxtools.api.WxService.execute(WxService.java:907)
	at com.soecode.wxtools.api.WxService.executeInternal(WxService.java:953)
	at com.soecode.wxtools.api.WxService.execute(WxService.java:907)
	at com.soecode.wxtools.api.WxService.executeInternal(WxService.java:953)
	at com.soecode.wxtools.api.WxService.execute(WxService.java:907)
	at com.soecode.wxtools.api.WxService.executeInternal(WxService.java:953)
	at com.soecode.wxtools.api.WxService.execute(WxService.java:907)
	at com.soecode.wxtools.api.WxService.executeInternal(WxService.java:953)
	at com.soecode.wxtools.api.WxService.execute(WxService.java:907)
	at com.soecode.wxtools.api.WxService.executeInternal(WxService.java:953)
	at com.soecode.wxtools.api.WxService.execute(WxService.java:907)
	at com.soecode.wxtools.api.WxService.executeInternal(WxService.java:953)
	at com.soecode.wxtools.api.WxService.execute(WxService.java:907)
	at com.soecode.wxtools.api.WxService.executeInternal(WxService.java:953)
	at com.soecode.wxtools.api.WxService.execute(WxService.java:907)
	at com.soecode.wxtools.api.WxService.executeInternal(WxService.java:953)
	at com.soecode.wxtools.api.WxService.execute(WxService.java:907)
	at com.soecode.wxtools.api.WxService.executeInternal(WxService.java:953)
	at com.soecode.wxtools.api.WxService.execute(WxService.java:907)
	at com.soecode.wxtools.api.WxService.executeInternal(WxService.java:953)
	at com.soecode.wxtools.api.WxService.execute(WxService.java:907)
	at com.soecode.wxtools.api.WxService.executeInternal(WxService.java:953)
	at com.soecode.wxtools.api.WxService.execute(WxService.java:907)
	at com.soecode.wxtools.api.WxService.executeInternal(WxService.java:953)
	at com.soecode.wxtools.api.WxService.execute(WxService.java:907)
	at com.soecode.wxtools.api.WxService.executeInternal(WxService.java:953)
	at com.soecode.wxtools.api.WxService.execute(WxService.java:907)
	at com.soecode.wxtools.api.WxService.executeInternal(WxService.java:953)
	at com.soecode.wxtools.api.WxService.execute(WxService.java:907)
	at com.soecode.wxtools.api.WxService.executeInternal(WxService.java:953)
	at com.soecode.wxtools.api.WxService.execute(WxService.java:907)
	at com.soecode.wxtools.api.WxService.executeInternal(WxService.java:953)
	at com.soecode.wxtools.api.WxService.execute(WxService.java:907)
	at com.soecode.wxtools.api.WxService.executeInternal(WxService.java:953)
	at com.soecode.wxtools.api.WxService.execute(WxService.java:907)
	at com.soecode.wxtools.api.WxService.executeInternal(WxService.java:953)
	at com.soecode.wxtools.api.WxService.execute(WxService.java:907)
	at com.soecode.wxtools.api.WxService.executeInternal(WxService.java:953)
	at com.soecode.wxtools.api.WxService.execute(WxService.java:907)
	at com.soecode.wxtools.api.WxService.executeInternal(WxService.java:953)
	at com.soecode.wxtools.api.WxService.execute(WxService.java:907)
	at com.soecode.wxtools.api.WxService.executeInternal(WxService.java:953)
	at com.soecode.wxtools.api.WxService.execute(WxService.java:907)
	at com.soecode.wxtools.api.WxService.executeInternal(WxService.java:953)
	at com.soecode.wxtools.api.WxService.execute(WxService.java:907)
	at com.soecode.wxtools.api.WxService.executeInternal(WxService.java:953)
	at com.soecode.wxtools.api.WxService.execute(WxService.java:907)
	at com.soecode.wxtools.api.WxService.executeInternal(WxService.java:953)
	at com.soecode.wxtools.api.WxService.execute(WxService.java:907)
	at com.soecode.wxtools.api.WxService.executeInternal(WxService.java:953)
	at com.soecode.wxtools.api.WxService.execute(WxService.java:907)
	at com.soecode.wxtools.api.WxService.executeInternal(WxService.java:953)
	at com.soecode.wxtools.api.WxService.execute(WxService.java:907)
	at com.soecode.wxtools.api.WxService.executeInternal(WxService.java:953)
	at com.soecode.wxtools.api.WxService.execute(WxService.java:907)
	at com.soecode.wxtools.api.WxService.executeInternal(WxService.java:953)
	at com.soecode.wxtools.api.WxService.execute(WxService.java:907)
	at com.soecode.wxtools.api.WxService.executeInternal(WxService.java:953)
	at com.soecode.wxtools.api.WxService.execute(WxService.java:907)
	at com.soecode.wxtools.api.WxService.executeInternal(WxService.java:953)
	at com.soecode.wxtools.api.WxService.execute(WxService.java:907)
	at com.soecode.wxtools.api.WxService.executeInternal(WxService.java:953)
	at com.soecode.wxtools.api.WxService.execute(WxService.java:907)
	at com.soecode.wxtools.api.WxService.executeInternal(WxService.java:953)
	at com.soecode.wxtools.api.WxService.execute(WxService.java:907)
	at com.soecode.wxtools.api.WxService.executeInternal(WxService.java:953)
	at com.soecode.wxtools.api.WxService.execute(WxService.java:907)
	at com.soecode.wxtools.api.WxService.executeInternal(WxService.java:953)
	at com.soecode.wxtools.api.WxService.execute(WxService.java:907)
	at com.soecode.wxtools.api.WxService.executeInternal(WxService.java:953)
	at com.soecode.wxtools.api.WxService.execute(WxService.java:907)
	at com.soecode.wxtools.api.WxService.executeInternal(WxService.java:953)
	at com.soecode.wxtools.api.WxService.execute(WxService.java:907)
	at com.soecode.wxtools.api.WxService.executeInternal(WxService.java:953)
	at com.soecode.wxtools.api.WxService.execute(WxService.java:907)
	at com.soecode.wxtools.api.WxService.executeInternal(WxService.java:953)
	at com.soecode.wxtools.api.WxService.execute(WxService.java:907)
	at com.soecode.wxtools.api.WxService.executeInternal(WxService.java:953)
	at com.soecode.wxtools.api.WxService.execute(WxService.java:907)
	at com.soecode.wxtools.api.WxService.executeInternal(WxService.java:953)
	at com.soecode.wxtools.api.WxService.execute(WxService.java:907)
	at com.soecode.wxtools.api.WxService.executeInternal(WxService.java:953)
	at com.soecode.wxtools.api.WxService.execute(WxService.java:907)
	at com.soecode.wxtools.api.WxService.executeInternal(WxService.java:953)
	at com.soecode.wxtools.api.WxService.execute(WxService.java:907)
	at com.soecode.wxtools.api.WxService.executeInternal(WxService.java:953)
	at com.soecode.wxtools.api.WxService.execute(WxService.java:907)
	at com.soecode.wxtools.api.WxService.executeInternal(WxService.java:953)
	at com.soecode.wxtools.api.WxService.execute(WxService.java:907)
	at com.soecode.wxtools.api.WxService.executeInternal(WxService.java:953)
	at com.soecode.wxtools.api.WxService.execute(WxService.java:907)
	at com.soecode.wxtools.api.WxService.executeInternal(WxService.java:953)
	at com.soecode.wxtools.api.WxService.execute(WxService.java:907)
	at com.soecode.wxtools.api.WxService.executeInternal(WxService.java:953)
	at com.soecode.wxtools.api.WxService.execute(WxService.java:907)
	at com.soecode.wxtools.api.WxService.executeInternal(WxService.java:953)
	at com.soecode.wxtools.api.WxService.execute(WxService.java:907)
	at com.soecode.wxtools.api.WxService.executeInternal(WxService.java:953)
	at com.soecode.wxtools.api.WxService.execute(WxService.java:907)
	at com.soecode.wxtools.api.WxService.executeInternal(WxService.java:953)
	at com.soecode.wxtools.api.WxService.execute(WxService.java:907)
	at com.soecode.wxtools.api.WxService.executeInternal(WxService.java:953)
	at com.soecode.wxtools.api.WxService.execute(WxService.java:907)
	at com.soecode.wxtools.api.WxService.executeInternal(WxService.java:953)
	at com.soecode.wxtools.api.WxService.execute(WxService.java:907)
	at com.soecode.wxtools.api.WxService.executeInternal(WxService.java:953)
	at com.soecode.wxtools.api.WxService.execute(WxService.java:907)
	at com.soecode.wxtools.api.WxService.executeInternal(WxService.java:953)
	at com.soecode.wxtools.api.WxService.execute(WxService.java:907)
	at com.soecode.wxtools.api.WxService.executeInternal(WxService.java:953)
	at com.soecode.wxtools.api.WxService.execute(WxService.java:907)
	at com.soecode.wxtools.api.WxService.executeInternal(WxService.java:953)
	at com.soecode.wxtools.api.WxService.execute(WxService.java:907)
	at com.soecode.wxtools.api.WxService.executeInternal(WxService.java:953)
	at com.soecode.wxtools.api.WxService.execute(WxService.java:907)
	at com.soecode.wxtools.api.WxService.executeInternal(WxService.java:953)
	at com.soecode.wxtools.api.WxService.execute(WxService.java:907)
	at com.soecode.wxtools.api.WxService.executeInternal(WxService.java:953)
	at com.soecode.wxtools.api.WxService.execute(WxService.java:907)
	at com.soecode.wxtools.api.WxService.executeInternal(WxService.java:953)
	at com.soecode.wxtools.api.WxService.execute(WxService.java:907)
	at com.soecode.wxtools.api.WxService.executeInternal(WxService.java:953)
	at com.soecode.wxtools.api.WxService.execute(WxService.java:907)
	at com.soecode.wxtools.api.WxService.executeInternal(WxService.java:953)
	at com.soecode.wxtools.api.WxService.execute(WxService.java:907)
	at com.soecode.wxtools.api.WxService.executeInternal(WxService.java:953)
	at com.soecode.wxtools.api.WxService.execute(WxService.java:907)
	at com.soecode.wxtools.api.WxService.executeInternal(WxService.java:953)
	at com.soecode.wxtools.api.WxService.execute(WxService.java:907)
	at com.soecode.wxtools.api.WxService.executeInternal(WxService.java:953)
	at com.soecode.wxtools.api.WxService.execute(WxService.java:907)
	at com.soecode.wxtools.api.WxService.executeInternal(WxService.java:953)
	at com.soecode.wxtools.api.WxService.execute(WxService.java:907)
	at com.soecode.wxtools.api.WxService.executeInternal(WxService.java:953)
	at com.soecode.wxtools.api.WxService.execute(WxService.java:907)
	at com.soecode.wxtools.api.WxService.executeInternal(WxService.java:953)
	at com.soecode.wxtools.api.WxService.execute(WxService.java:907)
	at com.soecode.wxtools.api.WxService.executeInternal(WxService.java:953)
	at com.soecode.wxtools.api.WxService.execute(WxService.java:907)
	at com.soecode.wxtools.api.WxService.executeInternal(WxService.java:953)
	at com.soecode.wxtools.api.WxService.execute(WxService.java:907)
	at com.soecode.wxtools.api.WxService.executeInternal(WxService.java:953)
	at com.soecode.wxtools.api.WxService.execute(WxService.java:907)
	at com.soecode.wxtools.api.WxService.executeInternal(WxService.java:953)
	at com.soecode.wxtools.api.WxService.execute(WxService.java:907)
	at com.soecode.wxtools.api.WxService.executeInternal(WxService.java:953)
	at com.soecode.wxtools.api.WxService.execute(WxService.java:907)
	at com.soecode.wxtools.api.WxService.executeInternal(WxService.java:953)
	at com.soecode.wxtools.api.WxService.execute(WxService.java:907)
	at com.soecode.wxtools.api.WxService.executeInternal(WxService.java:953)
	at com.soecode.wxtools.api.WxService.execute(WxService.java:907)
	at com.soecode.wxtools.api.WxService.executeInternal(WxService.java:953)
	at com.soecode.wxtools.api.WxService.execute(WxService.java:907)
	at com.soecode.wxtools.api.WxService.executeInternal(WxService.java:953)
	at com.soecode.wxtools.api.WxService.execute(WxService.java:907)
	at com.soecode.wxtools.api.WxService.executeInternal(WxService.java:953)
	at com.soecode.wxtools.api.WxService.execute(WxService.java:907)
	at com.soecode.wxtools.api.WxService.executeInternal(WxService.java:953)
	at com.soecode.wxtools.api.WxService.execute(WxService.java:907)
	at com.soecode.wxtools.api.WxService.executeInternal(WxService.java:953)
	at com.soecode.wxtools.api.WxService.execute(WxService.java:907)
	at com.soecode.wxtools.api.WxService.executeInternal(WxService.java:953)
	at com.soecode.wxtools.api.WxService.execute(WxService.java:907)
	at com.soecode.wxtools.api.WxService.executeInternal(WxService.java:953)
	at com.soecode.wxtools.api.WxService.execute(WxService.java:907)
	at com.soecode.wxtools.api.WxService.executeInternal(WxService.java:953)
	at com.soecode.wxtools.api.WxService.execute(WxService.java:907)
	at com.soecode.wxtools.api.WxService.executeInternal(WxService.java:953)
	at com.soecode.wxtools.api.WxService.execute(WxService.java:907)
	at com.soecode.wxtools.api.WxService.executeInternal(WxService.java:953)
	at com.soecode.wxtools.api.WxService.execute(WxService.java:907)
	at com.soecode.wxtools.api.WxService.executeInternal(WxService.java:953)
	at com.soecode.wxtools.api.WxService.execute(WxService.java:907)
	at com.soecode.wxtools.api.WxService.executeInternal(WxService.java:953)
	at com.soecode.wxtools.api.WxService.execute(WxService.java:907)
	at com.soecode.wxtools.api.WxService.executeInternal(WxService.java:953)
	at com.soecode.wxtools.api.WxService.execute(WxService.java:907)
	at com.soecode.wxtools.api.WxService.executeInternal(WxService.java:953)
	at com.soecode.wxtools.api.WxService.execute(WxService.java:907)
	at com.soecode.wxtools.api.WxService.executeInternal(WxService.java:953)
	at com.soecode.wxtools.api.WxService.execute(WxService.java:907)
	at com.soecode.wxtools.api.WxService.executeInternal(WxService.java:953)
	at com.soecode.wxtools.api.WxService.execute(WxService.java:907)
	at com.soecode.wxtools.api.WxService.executeInternal(WxService.java:953)
	at com.soecode.wxtools.api.WxService.execute(WxService.java:907)
	at com.soecode.wxtools.api.WxService.executeInternal(WxService.java:953)
	at com.soecode.wxtools.api.WxService.execute(WxService.java:907)
	at com.soecode.wxtools.api.WxService.executeInternal(WxService.java:953)
	at com.soecode.wxtools.api.WxService.execute(WxService.java:907)
	at com.soecode.wxtools.api.WxService.executeInternal(WxService.java:953)
	at com.soecode.wxtools.api.WxService.execute(WxService.java:907)
	at com.soecode.wxtools.api.WxService.executeInternal(WxService.java:953)
	at com.soecode.wxtools.api.WxService.execute(WxService.java:907)
	at com.soecode.wxtools.api.WxService.executeInternal(WxService.java:953)
	at com.soecode.wxtools.api.WxService.execute(WxService.java:907)
	at com.soecode.wxtools.api.WxService.executeInternal(WxService.java:953)
	at com.soecode.wxtools.api.WxService.execute(WxService.java:907)
	at com.soecode.wxtools.api.WxService.executeInternal(WxService.java:953)
	at com.soecode.wxtools.api.WxService.execute(WxService.java:907)
	at com.soecode.wxtools.api.WxService.executeInternal(WxService.java:953)
	at com.soecode.wxtools.api.WxService.execute(WxService.java:907)
	at com.soecode.wxtools.api.WxService.executeInternal(WxService.java:953)
	at com.soecode.wxtools.api.WxService.execute(WxService.java:907)
	at com.soecode.wxtools.api.WxService.executeInternal(WxService.java:953)
	at com.soecode.wxtools.api.WxService.execute(WxService.java:907)
	at com.soecode.wxtools.api.WxService.executeInternal(WxService.java:953)
	at com.soecode.wxtools.api.WxService.execute(WxService.java:907)
	at com.soecode.wxtools.api.WxService.executeInternal(WxService.java:953)
	at com.soecode.wxtools.api.WxService.execute(WxService.java:907)
	at com.soecode.wxtools.api.WxService.executeInternal(WxService.java:953)
	at com.soecode.wxtools.api.WxService.execute(WxService.java:907)
	at com.soecode.wxtools.api.WxService.executeInternal(WxService.java:953)
	at com.soecode.wxtools.api.WxService.execute(WxService.java:907)
	at com.soecode.wxtools.api.WxService.executeInternal(WxService.java:953)
	at com.soecode.wxtools.api.WxService.execute(WxService.java:907)
	at com.soecode.wxtools.api.WxService.executeInternal(WxService.java:953)
	at com.soecode.wxtools.api.WxService.execute(WxService.java:907)
	at com.soecode.wxtools.api.WxService.executeInternal(WxService.java:953)
	at com.soecode.wxtools.api.WxService.execute(WxService.java:907)
	at com.soecode.wxtools.api.WxService.executeInternal(WxService.java:953)
	at com.soecode.wxtools.api.WxService.execute(WxService.java:907)
	at com.soecode.wxtools.api.WxService.executeInternal(WxService.java:953)
	at com.soecode.wxtools.api.WxService.execute(WxService.java:907)
	at com.soecode.wxtools.api.WxService.executeInternal(WxService.java:953)
	at com.soecode.wxtools.api.WxService.execute(WxService.java:907)
	at com.soecode.wxtools.api.WxService.executeInternal(WxService.java:953)
	at com.soecode.wxtools.api.WxService.execute(WxService.java:907)
	at com.soecode.wxtools.api.WxService.executeInternal(WxService.java:953)
	at com.soecode.wxtools.api.WxService.execute(WxService.java:907)
	at com.soecode.wxtools.api.WxService.executeInternal(WxService.java:953)
	at com.soecode.wxtools.api.WxService.execute(WxService.java:907)
	at com.soecode.wxtools.api.WxService.executeInternal(WxService.java:953)
	at com.soecode.wxtools.api.WxService.execute(WxService.java:907)
	at com.soecode.wxtools.api.WxService.executeInternal(WxService.java:953)
	at com.soecode.wxtools.api.WxService.execute(WxService.java:907)
	at com.soecode.wxtools.api.WxService.executeInternal(WxService.java:953)
	at com.soecode.wxtools.api.WxService.execute(WxService.java:907)
	at com.soecode.wxtools.api.WxService.executeInternal(WxService.java:953)
	at com.soecode.wxtools.api.WxService.execute(WxService.java:907)
	at com.soecode.wxtools.api.WxService.executeInternal(WxService.java:953)
	at com.soecode.wxtools.api.WxService.execute(WxService.java:907)
	at com.soecode.wxtools.api.WxService.executeInternal(WxService.java:953)
	at com.soecode.wxtools.api.WxService.execute(WxService.java:907)
	at com.soecode.wxtools.api.WxService.executeInternal(WxService.java:953)
	at com.soecode.wxtools.api.WxService.execute(WxService.java:907)
	at com.soecode.wxtools.api.WxService.executeInternal(WxService.java:953)
	at com.soecode.wxtools.api.WxService.execute(WxService.java:907)
	at com.soecode.wxtools.api.WxService.executeInternal(WxService.java:953)
	at com.soecode.wxtools.api.WxService.execute(WxService.java:907)
	at com.soecode.wxtools.api.WxService.executeInternal(WxService.java:953)
	at com.soecode.wxtools.api.WxService.execute(WxService.java:907)
	at com.soecode.wxtools.api.WxService.executeInternal(WxService.java:953)
	at com.soecode.wxtools.api.WxService.execute(WxService.java:907)
	at com.soecode.wxtools.api.WxService.executeInternal(WxService.java:953)
	at com.soecode.wxtools.api.WxService.execute(WxService.java:907)
	at com.soecode.wxtools.api.WxService.executeInternal(WxService.java:953)
	at com.soecode.wxtools.api.WxService.execute(WxService.java:907)
	at com.soecode.wxtools.api.WxService.executeInternal(WxService.java:953)
	at com.soecode.wxtools.api.WxService.execute(WxService.java:907)
	at com.soecode.wxtools.api.WxService.executeInternal(WxService.java:953)
	at com.soecode.wxtools.api.WxService.execute(WxService.java:907)
	at com.soecode.wxtools.api.WxService.executeInternal(WxService.java:953)
	at com.soecode.wxtools.api.WxService.execute(WxService.java:907)
	at com.soecode.wxtools.api.WxService.executeInternal(WxService.java:953)
	at com.soecode.wxtools.api.WxService.execute(WxService.java:907)
	at com.soecode.wxtools.api.WxService.executeInternal(WxService.java:953)
	at com.soecode.wxtools.api.WxService.execute(WxService.java:907)
	at com.soecode.wxtools.api.WxService.executeInternal(WxService.java:953)
	at com.soecode.wxtools.api.WxService.execute(WxService.java:907)
	at com.soecode.wxtools.api.WxService.executeInternal(WxService.java:953)
	at com.soecode.wxtools.api.WxService.execute(WxService.java:907)
	at com.soecode.wxtools.api.WxService.executeInternal(WxService.java:953)
	at com.soecode.wxtools.api.WxService.execute(WxService.java:907)
	at com.soecode.wxtools.api.WxService.executeInternal(WxService.java:953)
	at com.soecode.wxtools.api.WxService.execute(WxService.java:907)
	at com.soecode.wxtools.api.WxService.executeInternal(WxService.java:953)
	at com.soecode.wxtools.api.WxService.execute(WxService.java:907)
	at com.soecode.wxtools.api.WxService.executeInternal(WxService.java:953)
	at com.soecode.wxtools.api.WxService.execute(WxService.java:907)
	at com.soecode.wxtools.api.WxService.executeInternal(WxService.java:953)
	at com.soecode.wxtools.api.WxService.execute(WxService.java:907)
	at com.soecode.wxtools.api.WxService.executeInternal(WxService.java:953)
	at com.soecode.wxtools.api.WxService.execute(WxService.java:907)
	at com.soecode.wxtools.api.WxService.executeInternal(WxService.java:953)
	at com.soecode.wxtools.api.WxService.execute(WxService.java:907)
	at com.soecode.wxtools.api.WxService.executeInternal(WxService.java:953)
	at com.soecode.wxtools.api.WxService.execute(WxService.java:907)
	at com.soecode.wxtools.api.WxService.executeInternal(WxService.java:953)
	at com.soecode.wxtools.api.WxService.execute(WxService.java:907)
	at com.soecode.wxtools.api.WxService.executeInternal(WxService.java:953)
	at com.soecode.wxtools.api.WxService.execute(WxService.java:907)
	at com.soecode.wxtools.api.WxService.executeInternal(WxService.java:953)
	at com.soecode.wxtools.api.WxService.execute(WxService.java:907)
	at com.soecode.wxtools.api.WxService.executeInternal(WxService.java:953)
	at com.soecode.wxtools.api.WxService.execute(WxService.java:907)
	at com.soecode.wxtools.api.WxService.executeInternal(WxService.java:953)
	at com.soecode.wxtools.api.WxService.execute(WxService.java:907)
	at com.soecode.wxtools.api.WxService.executeInternal(WxService.java:953)
	at com.soecode.wxtools.api.WxService.execute(WxService.java:907)
	at com.soecode.wxtools.api.WxService.executeInternal(WxService.java:953)
	at com.soecode.wxtools.api.WxService.execute(WxService.java:907)
	at com.soecode.wxtools.api.WxService.executeInternal(WxService.java:953)
	at com.soecode.wxtools.api.WxService.execute(WxService.java:907)
	at com.soecode.wxtools.api.WxService.executeInternal(WxService.java:953)
	at com.soecode.wxtools.api.WxService.execute(WxService.java:907)
	at com.soecode.wxtools.api.WxService.executeInternal(WxService.java:953)
	at com.soecode.wxtools.api.WxService.execute(WxService.java:907)
	at com.soecode.wxtools.api.WxService.executeInternal(WxService.java:953)
	at com.soecode.wxtools.api.WxService.execute(WxService.java:907)
	at com.soecode.wxtools.api.WxService.executeInternal(WxService.java:953)
	at com.soecode.wxtools.api.WxService.execute(WxService.java:907)
	at com.soecode.wxtools.api.WxService.executeInternal(WxService.java:953)
	at com.soecode.wxtools.api.WxService.execute(WxService.java:907)
	at com.soecode.wxtools.api.WxService.executeInternal(WxService.java:953)
	at com.soecode.wxtools.api.WxService.execute(WxService.java:907)
	at com.soecode.wxtools.api.WxService.executeInternal(WxService.java:953)
	at com.soecode.wxtools.api.WxService.execute(WxService.java:907)
	at com.soecode.wxtools.api.WxService.executeInternal(WxService.java:953)
	at com.soecode.wxtools.api.WxService.execute(WxService.java:907)
	at com.soecode.wxtools.api.WxService.executeInternal(WxService.java:953)

