<?xml version="1.0" encoding="UTF-8" ?>
<testsuite tests="4" failures="0" name="com.glsx.oms.fcwechat.user.test.UserClientTest" time="8.448" errors="4" skipped="0">
  <properties>
[...]
</properties>
  <testcase classname="com.glsx.oms.fcwechat.user.test.UserClientTest" name="testGet" time="2.358">
    <error message="I/O error on GET request for &quot;http://localhost:8888/fcwechat/wechat/user/9999999&quot;: Connect to localhost:8888 [localhost/127.0.0.1, localhost/0:0:0:0:0:0:0:1] failed: Connection refused: connect; nested exception is org.apache.http.conn.HttpHostConnectException: Connect to localhost:8888 [localhost/127.0.0.1, localhost/0:0:0:0:0:0:0:1] failed: Connection refused: connect" type="org.springframework.web.client.ResourceAccessException">org.springframework.web.client.ResourceAccessException: I/O error on GET request for &quot;http://localhost:8888/fcwechat/wechat/user/9999999&quot;: Connect to localhost:8888 [localhost/127.0.0.1, localhost/0:0:0:0:0:0:0:1] failed: Connection refused: connect; nested exception is org.apache.http.conn.HttpHostConnectException: Connect to localhost:8888 [localhost/127.0.0.1, localhost/0:0:0:0:0:0:0:1] failed: Connection refused: connect
	at org.springframework.web.client.RestTemplate.doExecute(RestTemplate.java:666)
	at org.springframework.web.client.RestTemplate.execute(RestTemplate.java:613)
	at org.springframework.web.client.RestTemplate.getForEntity(RestTemplate.java:312)
	at com.glsx.oms.fcwechat.user.rest.UserClient.get(UserClient.java:27)
	at com.glsx.oms.fcwechat.user.test.UserClientTest.testGet(UserClientTest.java:30)
	at sun.reflect.NativeMethodAccessorImpl.invoke0(Native Method)
	at sun.reflect.NativeMethodAccessorImpl.invoke(NativeMethodAccessorImpl.java:62)
	at sun.reflect.DelegatingMethodAccessorImpl.invoke(DelegatingMethodAccessorImpl.java:43)
	at java.lang.reflect.Method.invoke(Method.java:498)
	at org.junit.runners.model.FrameworkMethod$1.runReflectiveCall(FrameworkMethod.java:50)
	at org.junit.internal.runners.model.ReflectiveCallable.run(ReflectiveCallable.java:12)
	at org.junit.runners.model.FrameworkMethod.invokeExplosively(FrameworkMethod.java:47)
	at org.junit.internal.runners.statements.InvokeMethod.evaluate(InvokeMethod.java:17)
	at org.springframework.test.context.junit4.statements.RunBeforeTestMethodCallbacks.evaluate(RunBeforeTestMethodCallbacks.java:75)
	at org.springframework.test.context.junit4.statements.RunAfterTestMethodCallbacks.evaluate(RunAfterTestMethodCallbacks.java:86)
	at org.springframework.test.context.junit4.statements.SpringRepeat.evaluate(SpringRepeat.java:84)
	at org.junit.runners.ParentRunner.runLeaf(ParentRunner.java:325)
	at org.springframework.test.context.junit4.SpringJUnit4ClassRunner.runChild(SpringJUnit4ClassRunner.java:252)
	at org.springframework.test.context.junit4.SpringJUnit4ClassRunner.runChild(SpringJUnit4ClassRunner.java:94)
	at org.junit.runners.ParentRunner$3.run(ParentRunner.java:290)
	at org.junit.runners.ParentRunner$1.schedule(ParentRunner.java:71)
	at org.junit.runners.ParentRunner.runChildren(ParentRunner.java:288)
	at org.junit.runners.ParentRunner.access$000(ParentRunner.java:58)
	at org.junit.runners.ParentRunner$2.evaluate(ParentRunner.java:268)
	at org.springframework.test.context.junit4.statements.RunBeforeTestClassCallbacks.evaluate(RunBeforeTestClassCallbacks.java:61)
	at org.springframework.test.context.junit4.statements.RunAfterTestClassCallbacks.evaluate(RunAfterTestClassCallbacks.java:70)
	at org.junit.runners.ParentRunner.run(ParentRunner.java:363)
	at org.springframework.test.context.junit4.SpringJUnit4ClassRunner.run(SpringJUnit4ClassRunner.java:191)
	at org.apache.maven.surefire.junit4.JUnit4Provider.execute(JUnit4Provider.java:252)
	at org.apache.maven.surefire.junit4.JUnit4Provider.executeTestSet(JUnit4Provider.java:141)
	at org.apache.maven.surefire.junit4.JUnit4Provider.invoke(JUnit4Provider.java:112)
	at sun.reflect.NativeMethodAccessorImpl.invoke0(Native Method)
	at sun.reflect.NativeMethodAccessorImpl.invoke(NativeMethodAccessorImpl.java:62)
	at sun.reflect.DelegatingMethodAccessorImpl.invoke(DelegatingMethodAccessorImpl.java:43)
	at java.lang.reflect.Method.invoke(Method.java:498)
	at org.apache.maven.surefire.util.ReflectionUtils.invokeMethodWithArray(ReflectionUtils.java:189)
	at org.apache.maven.surefire.booter.ProviderFactory$ProviderProxy.invoke(ProviderFactory.java:165)
	at org.apache.maven.surefire.booter.ProviderFactory.invokeProvider(ProviderFactory.java:85)
	at org.apache.maven.surefire.booter.ForkedBooter.runSuitesInProcess(ForkedBooter.java:115)
	at org.apache.maven.surefire.booter.ForkedBooter.main(ForkedBooter.java:75)
Caused by: org.apache.http.conn.HttpHostConnectException: Connect to localhost:8888 [localhost/127.0.0.1, localhost/0:0:0:0:0:0:0:1] failed: Connection refused: connect
	at org.apache.http.impl.conn.HttpClientConnectionOperator.connect(HttpClientConnectionOperator.java:142)
	at org.apache.http.impl.conn.PoolingHttpClientConnectionManager.connect(PoolingHttpClientConnectionManager.java:319)
	at org.apache.http.impl.execchain.MainClientExec.establishRoute(MainClientExec.java:363)
	at org.apache.http.impl.execchain.MainClientExec.execute(MainClientExec.java:219)
	at org.apache.http.impl.execchain.ProtocolExec.execute(ProtocolExec.java:195)
	at org.apache.http.impl.execchain.RetryExec.execute(RetryExec.java:86)
	at org.apache.http.impl.execchain.RedirectExec.execute(RedirectExec.java:108)
	at org.apache.http.impl.client.InternalHttpClient.doExecute(InternalHttpClient.java:184)
	at org.apache.http.impl.client.CloseableHttpClient.execute(CloseableHttpClient.java:82)
	at org.apache.http.impl.client.CloseableHttpClient.execute(CloseableHttpClient.java:57)
	at org.springframework.http.client.HttpComponentsClientHttpRequest.executeInternal(HttpComponentsClientHttpRequest.java:89)
	at org.springframework.http.client.AbstractBufferingClientHttpRequest.executeInternal(AbstractBufferingClientHttpRequest.java:48)
	at org.springframework.http.client.AbstractClientHttpRequest.execute(AbstractClientHttpRequest.java:53)
	at org.springframework.web.client.RestTemplate.doExecute(RestTemplate.java:652)
	... 39 more
Caused by: java.net.ConnectException: Connection refused: connect
	at java.net.DualStackPlainSocketImpl.connect0(Native Method)
	at java.net.DualStackPlainSocketImpl.socketConnect(DualStackPlainSocketImpl.java:79)
	at java.net.AbstractPlainSocketImpl.doConnect(AbstractPlainSocketImpl.java:350)
	at java.net.AbstractPlainSocketImpl.connectToAddress(AbstractPlainSocketImpl.java:206)
	at java.net.AbstractPlainSocketImpl.connect(AbstractPlainSocketImpl.java:188)
	at java.net.PlainSocketImpl.connect(PlainSocketImpl.java:172)
	at java.net.SocksSocketImpl.connect(SocksSocketImpl.java:392)
	at java.net.Socket.connect(Socket.java:589)
	at org.apache.http.conn.socket.PlainConnectionSocketFactory.connectSocket(PlainConnectionSocketFactory.java:72)
	at org.apache.http.impl.conn.HttpClientConnectionOperator.connect(HttpClientConnectionOperator.java:125)
	... 52 more
</error>
    <system-out>16:30:42,330 |-INFO in ch.qos.logback.classic.LoggerContext[oms-fcwechat] - Could NOT find resource [logback.groovy]
16:30:42,331 |-INFO in ch.qos.logback.classic.LoggerContext[oms-fcwechat] - Could NOT find resource [logback-test.xml]
16:30:42,331 |-INFO in ch.qos.logback.classic.LoggerContext[oms-fcwechat] - Found resource [logback.xml] at [file:/F:/eclipseWork/glsx-oms/oms-fcwechat/target/classes/logback.xml]
16:30:42,382 |-INFO in ch.qos.logback.classic.joran.action.ConfigurationAction - debug attribute not set
16:30:42,386 |-INFO in ch.qos.logback.classic.joran.action.ConfigurationAction - Will scan for changes in [file:/F:/eclipseWork/glsx-oms/oms-fcwechat/target/classes/logback.xml] 
16:30:42,386 |-INFO in ch.qos.logback.classic.joran.action.ConfigurationAction - Setting ReconfigureOnChangeTask scanning period to 1 minutes
16:30:42,391 |-INFO in ch.qos.logback.classic.joran.action.ContextNameAction - Setting logger context name as [oms-fcwechat]
16:30:42,405 |-INFO in ch.qos.logback.core.joran.action.AppenderAction - About to instantiate appender of type [ch.qos.logback.core.ConsoleAppender]
16:30:42,407 |-INFO in ch.qos.logback.core.joran.action.AppenderAction - Naming appender as [STDOUT]
16:30:42,443 |-WARN in ch.qos.logback.core.ConsoleAppender[STDOUT] - This appender no longer admits a layout as a sub-component, set an encoder instead.
16:30:42,443 |-WARN in ch.qos.logback.core.ConsoleAppender[STDOUT] - To ensure compatibility, wrapping your layout in LayoutWrappingEncoder.
16:30:42,443 |-WARN in ch.qos.logback.core.ConsoleAppender[STDOUT] - See also http://logback.qos.ch/codes.html#layoutInsteadOfEncoder for details
16:30:42,443 |-INFO in ch.qos.logback.core.joran.action.AppenderAction - About to instantiate appender of type [ch.qos.logback.core.rolling.RollingFileAppender]
16:30:42,445 |-INFO in ch.qos.logback.core.joran.action.AppenderAction - Naming appender as [FILE]
16:30:42,458 |-INFO in c.q.l.core.rolling.SizeAndTimeBasedRollingPolicy@1497845528 - Archive files will be limited to [200 MB] each.
16:30:42,460 |-INFO in c.q.l.core.rolling.SizeAndTimeBasedRollingPolicy@1497845528 - No compression will be used
16:30:42,462 |-INFO in c.q.l.core.rolling.SizeAndTimeBasedRollingPolicy@1497845528 - Will use the pattern /log/oms/oms-fcwechat/oms-fcwechat.log.%d{yyyy-MM-dd}.%i for the active file
16:30:42,466 |-INFO in ch.qos.logback.core.rolling.SizeAndTimeBasedFNATP@65fb9ffc - The date pattern is &apos;yyyy-MM-dd&apos; from file name pattern &apos;/log/oms/oms-fcwechat/oms-fcwechat.log.%d{yyyy-MM-dd}.%i&apos;.
16:30:42,466 |-INFO in ch.qos.logback.core.rolling.SizeAndTimeBasedFNATP@65fb9ffc - Roll-over at midnight.
16:30:42,473 |-INFO in ch.qos.logback.core.rolling.SizeAndTimeBasedFNATP@65fb9ffc - Setting initial period to Sat Apr 21 16:29:27 CST 2018
16:30:42,476 |-WARN in ch.qos.logback.core.rolling.RollingFileAppender[FILE] - This appender no longer admits a layout as a sub-component, set an encoder instead.
16:30:42,476 |-WARN in ch.qos.logback.core.rolling.RollingFileAppender[FILE] - To ensure compatibility, wrapping your layout in LayoutWrappingEncoder.
16:30:42,476 |-WARN in ch.qos.logback.core.rolling.RollingFileAppender[FILE] - See also http://logback.qos.ch/codes.html#layoutInsteadOfEncoder for details
16:30:42,478 |-INFO in ch.qos.logback.core.rolling.RollingFileAppender[FILE] - Active log file name: /log/oms/oms-fcwechat/oms-fcwechat.log
16:30:42,478 |-INFO in ch.qos.logback.core.rolling.RollingFileAppender[FILE] - File property is set to [/log/oms/oms-fcwechat/oms-fcwechat.log]
16:30:42,480 |-INFO in ch.qos.logback.classic.joran.action.RootLoggerAction - Setting level of ROOT logger to INFO
16:30:42,480 |-INFO in ch.qos.logback.core.joran.action.AppenderRefAction - Attaching appender named [STDOUT] to Logger[ROOT]
16:30:42,480 |-INFO in ch.qos.logback.core.joran.action.AppenderRefAction - Attaching appender named [FILE] to Logger[ROOT]
16:30:42,480 |-INFO in ch.qos.logback.classic.joran.action.ConfigurationAction - End of configuration.
16:30:42,481 |-INFO in ch.qos.logback.classic.joran.JoranConfigurator@3e694b3f - Registering current configuration as safe fallback point

2018-04-21 16:30:42.584 [oms-fcwechat] [main] INFO  o.s.b.t.c.SpringBootTestContextBootstrapper - Neither @ContextConfiguration nor @ContextHierarchy found for test class [com.glsx.oms.fcwechat.user.test.UserClientTest], using SpringBootContextLoader
2018-04-21 16:30:42.594 [oms-fcwechat] [main] INFO  o.s.t.c.s.AbstractContextLoader - Could not detect default resource locations for test class [com.glsx.oms.fcwechat.user.test.UserClientTest]: no resource found for suffixes {-context.xml, Context.groovy}.
2018-04-21 16:30:42.727 [oms-fcwechat] [main] INFO  o.s.b.t.c.SpringBootTestContextBootstrapper - Loaded default TestExecutionListener class names from location [META-INF/spring.factories]: [org.springframework.test.context.web.ServletTestExecutionListener, org.springframework.test.context.support.DirtiesContextBeforeModesTestExecutionListener, org.springframework.test.context.support.DependencyInjectionTestExecutionListener, org.springframework.test.context.support.DirtiesContextTestExecutionListener, org.springframework.test.context.transaction.TransactionalTestExecutionListener, org.springframework.test.context.jdbc.SqlScriptsTestExecutionListener, org.springframework.boot.test.mock.mockito.MockitoTestExecutionListener, org.springframework.boot.test.mock.mockito.ResetMocksTestExecutionListener, org.springframework.boot.test.autoconfigure.restdocs.RestDocsTestExecutionListener, org.springframework.boot.test.autoconfigure.web.client.MockRestServiceServerResetTestExecutionListener, org.springframework.boot.test.autoconfigure.web.servlet.MockMvcPrintOnlyOnFailureTestExecutionListener, org.springframework.boot.test.autoconfigure.web.servlet.WebDriverTestExecutionListener]
2018-04-21 16:30:42.766 [oms-fcwechat] [main] INFO  o.s.b.t.c.SpringBootTestContextBootstrapper - Using TestExecutionListeners: [org.springframework.test.context.web.ServletTestExecutionListener@2dc54ad4, org.springframework.test.context.support.DirtiesContextBeforeModesTestExecutionListener@4659191b, org.springframework.boot.test.autoconfigure.SpringBootDependencyInjectionTestExecutionListener@55634720, org.springframework.test.context.support.DirtiesContextTestExecutionListener@4b0d79fc, org.springframework.test.context.transaction.TransactionalTestExecutionListener@4c1909a3, org.springframework.test.context.jdbc.SqlScriptsTestExecutionListener@428640fa, org.springframework.boot.test.autoconfigure.web.servlet.WebDriverTestExecutionListener@d9345cd, org.springframework.boot.test.autoconfigure.web.servlet.MockMvcPrintOnlyOnFailureTestExecutionListener@2d710f1a, org.springframework.boot.test.mock.mockito.ResetMocksTestExecutionListener@29215f06, org.springframework.boot.test.autoconfigure.restdocs.RestDocsTestExecutionListener@59505b48, org.springframework.boot.test.autoconfigure.web.client.MockRestServiceServerResetTestExecutionListener@4efac082, org.springframework.boot.test.mock.mockito.MockitoTestExecutionListener@6bd61f98]
2018-04-21 16:30:43.278 [oms-fcwechat] [main] INFO  o.o.b.a.diamond.config.DiamondConfig - dataId oms-fcwechat-dev config info: 
#static files
static.resource=http://192.168.3.238:18275/static

#dubbo config
ore.dubbo.application.name=consumer
ore.dubbo.application.owner=ore
ore.dubbo.registry.address=zookeeper://192.168.3.206:2181
ore.dubbo.registry.timeout=30000
ore.dubbo.scan=com.glsx.oms.fcwechat.biz,org.oreframework.boot.sample.wechat.test.flow.flowcard.test

#druid default config
ore.druid.url=jdbc:mysql://14.17.103.20:3306/flowplat?useUnicode=true&amp;characterEncoding=utf-8&amp;zeroDateTimeBehavior=convertToNull
ore.druid.driver-class=com.mysql.jdbc.Driver
ore.druid.username=root
ore.druid.password=Msd^*$@online
ore.druid.initial-size=1
ore.druid.min-idle=1
ore.druid.max-active=20
ore.druid.test-on-borrow=true

mybatis.type-aliases-package=com.glsx.oms.fcopen
mybatis.mapper-locations=classpath:/com/glsx/oms/fcopen/*/**.xml
mapper.mappers=org.oreframework.datasource.mybatis.mapper.OreMapper
mapper.not-empty=false
mapper.identity=MYSQL

#��������ƽ̨�ӿ�����
flowCard.appid=19180009
flowCard.appsecret=abcdef
flowCard.url=http://192.168.0.54:41001/openApi
flowCard.imgUrl=http://183.62.222.182:8525/v1/tfscom

#�ϴ�ͼƬ��С
spring.http.multipart.max-file-size=50MB
spring.http.multipart.max-request-size=50MB

#΢����������
wxtools.wx.appId=wx4a3fe8eba7ab8bd5
wxtools.wx.appSecret=9ec769841a4a1145290083355224fd2a
wxtools.wx.token=glsx_devwechat
wxtools.wx.aesKey=PL1w71bUqiqABSbsNOWGRs6AGNMrtIBCpeC2tmgLVDE
wxtools.wx.templateId=KxWj081_Ks6xnxU2UG3W1m0BdvDcbOneda94p6UpZU4
WxMsgtools.wx.first=����,���ύ��ʵ����֤����ˣ�
WxMsgtools.wx.remark=�뼰ʱȷ�����֪ͨ��

#֧���̻�
wechat.pay.appId=wx1cf40dc91c28a7fd
wechat.pay.mchId=1230909502
wechat.pay.notifyUrl=http://devwx.glsx.com.cn/fcwechat/api/payNotify
wechat.pay.paternerKey=7eb0b8a6b5d2942d4bb485e2a44a5eb6
#����ʹ��
#wechat.pay.openId=oslKftyEN4gKX9EDbSD4CdpYbexQ
wechat.pay.openId=oslKft3jl7YMo_0cdtbXcQF7mfxw
wechat.pay.price=1

#rop annotation-driven config
ore.rop.annotation-driven.thread-ferry-class=
ore.rop.annotation-driven.sign-enable=true
ore.rop.annotation-driven.ext-error-base-name=i18n/rop/sampleRopError
ore.rop.annotation-driven.core-pool-size=200
ore.rop.annotation-driven.max-pool-size=500
ore.rop.annotation-driven.keep-alive-seconds=300
ore.rop.annotation-driven.queue-capacity=50
ore.rop.annotation-driven.service-timeout-seconds=120
ore.rop.annotation-driven.upload-file-max-size=9999999
ore.rop.annotation-driven.upload-file-types=png,gif,jpg

ore.rop.annotation-driven.formatting-conversion-service=
#ore.rop.annotation-driven.session-manager=
ore.rop.annotation-driven.app-secret-manager=
ore.rop.annotation-driven.service-access-controller=
ore.rop.annotation-driven.invoke-times-controller=

#rop config
#pair: app_key=secret,client:sign = &quot;c24619ed7fef02a0ae16328146bca5f97cc6493957a2137b&quot;
48e5e13229b82c1b4e6e8c96151f0637=c24619ed7fef02a0ae16328146bca5f97cc6493957a2137b

#rop sysparams config
ore.rop.sysparams.appkey-param-name=appKey
ore.rop.sysparams.sessionid-param-name=sessionId
ore.rop.sysparams.method-param-name=method
ore.rop.sysparams.version-param-name=v
ore.rop.sysparams.format-param-name=messageFormat
#ore.rop.sysparams.locale-param-name=
ore.rop.sysparams.sign-param-name=sign
#ore.rop.sysparams.jsonp-param-name=
2018-04-21 16:30:43.374 [oms-fcwechat] [main] INFO  o.o.b.a.diamond.config.DiamondConfig - dataId null-null config info: 
null
2018-04-21 16:30:43.383 [oms-fcwechat] [main] INFO  o.o.b.a.diamond.config.DiamondConfig - localhost config info: 

2018-04-21 16:30:43.561 [oms-fcwechat] [main] ERROR o.s.b.l.LoggingApplicationListener - Cannot set level: INFO         for &apos;com.glsx.oms.fcwechat&apos;
   ____  __  __  _____   ____              _     ______                                           _    
  / __ \|  \/  |/ ____| |  _ \            | |   |  ____|                                         | |   
 | |  | | \  / | (___   | |_) | ___   ___ | |_  | |__ _ __ __ _ _ __ ___   _____      _____  _ __| | __
 | |  | | |\/| |\___ \  |  _ &lt; / _ \ / _ \| __| |  __| &apos;__/ _` | &apos;_ ` _ \ / _ \ \ /\ / / _ \| &apos;__| |/ /
 | |__| | |  | |____) | | |_) | (_) | (_) | |_  | |  | | | (_| | | | | | |  __/\ V  V / (_) | |  |   &lt; 
  \____/|_|  |_|_____/  |____/ \___/ \___/ \__| |_|  |_|  \__,_|_| |_| |_|\___| \_/\_/ \___/|_|  |_|\_\
                                                                                                       
2018-04-21 16:30:43.840 [oms-fcwechat] [main] INFO  o.o.b.a.d.c.DubboConfigurationApplicationContextInitializer - dubbo scan package:com.glsx.oms.fcwechat.biz,org.oreframework.boot.sample.wechat.test.flow.flowcard.test
2018-04-21 16:30:43.854 [oms-fcwechat] [main] INFO  c.a.d.common.logger.LoggerFactory - using logger: com.alibaba.dubbo.common.logger.log4j.Log4jLoggerAdapter
2018-04-21 16:30:43.874 [oms-fcwechat] [main] INFO  c.g.o.f.user.test.UserClientTest - Starting UserClientTest on johnny-PC with PID 3000 (started by Administrator in F:\eclipseWork\glsx-oms\oms-fcwechat)
2018-04-21 16:30:43.875 [oms-fcwechat] [main] INFO  c.g.o.f.user.test.UserClientTest - No active profile set, falling back to default profiles: default
2018-04-21 16:30:43.962 [oms-fcwechat] [main] INFO  o.s.w.c.s.GenericWebApplicationContext - Refreshing org.springframework.web.context.support.GenericWebApplicationContext@65a15628: startup date [Sat Apr 21 16:30:43 CST 2018]; root of context hierarchy
2018-04-21 16:30:44.132 [oms-fcwechat] [background-preinit] INFO  o.h.validator.internal.util.Version - HV000001: Hibernate Validator 5.3.4.Final
2018-04-21 16:30:45.634 [oms-fcwechat] [main] WARN  o.m.s.mapper.ClassPathMapperScanner - No MyBatis mapper was found in &apos;[com.glsx.oms.fcwechat, com.glsx.oms]&apos; package. Please check your configuration.
2018-04-21 16:30:45.706 [oms-fcwechat] [main] WARN  o.m.s.mapper.ClassPathMapperScanner - No MyBatis mapper was found in &apos;[com.glsx.oms.fcwechat, com.glsx.oms]&apos; package. Please check your configuration.
2018-04-21 16:30:45.792 [oms-fcwechat] [main] WARN  o.m.s.mapper.ClassPathMapperScanner - Skipping MapperFactoryBean with name &apos;msgLogMapper&apos; and &apos;com.glsx.oms.fcwechat.biz.flowcard.mapper.MsgLogMapper&apos; mapperInterface. Bean already defined with the same name!
2018-04-21 16:30:45.792 [oms-fcwechat] [main] WARN  o.m.s.mapper.ClassPathMapperScanner - Skipping MapperFactoryBean with name &apos;payLogMapper&apos; and &apos;com.glsx.oms.fcwechat.biz.flowcard.mapper.PayLogMapper&apos; mapperInterface. Bean already defined with the same name!
2018-04-21 16:30:45.792 [oms-fcwechat] [main] WARN  o.m.s.mapper.ClassPathMapperScanner - Skipping MapperFactoryBean with name &apos;userMapper&apos; and &apos;com.glsx.oms.fcwechat.biz.wechat.user.mapper.UserMapper&apos; mapperInterface. Bean already defined with the same name!
2018-04-21 16:30:46.673 [oms-fcwechat] [main] INFO  o.s.b.f.a.AutowiredAnnotationBeanPostProcessor - JSR-330 &apos;javax.inject.Inject&apos; annotation found and supported for autowiring
2018-04-21 16:30:46.846 [oms-fcwechat] [main] INFO  o.s.c.s.PostProcessorRegistrationDelegate$BeanPostProcessorChecker - Bean &apos;org.springframework.boot.autoconfigure.validation.ValidationAutoConfiguration&apos; of type [class org.springframework.boot.autoconfigure.validation.ValidationAutoConfiguration] is not eligible for getting processed by all BeanPostProcessors (for example: not eligible for auto-proxying)
2018-04-21 16:30:47.018 [oms-fcwechat] [main] INFO  o.s.c.s.PostProcessorRegistrationDelegate$BeanPostProcessorChecker - Bean &apos;validator&apos; of type [class org.springframework.validation.beanvalidation.LocalValidatorFactoryBean] is not eligible for getting processed by all BeanPostProcessors (for example: not eligible for auto-proxying)
2018-04-21 16:30:47.060 [oms-fcwechat] [main] INFO  o.s.c.s.PostProcessorRegistrationDelegate$BeanPostProcessorChecker - Bean &apos;org.springframework.transaction.annotation.ProxyTransactionManagementConfiguration&apos; of type [class org.springframework.transaction.annotation.ProxyTransactionManagementConfiguration$$EnhancerBySpringCGLIB$$a0960b02] is not eligible for getting processed by all BeanPostProcessors (for example: not eligible for auto-proxying)
2018-04-21 16:30:47.174 [oms-fcwechat] [main] INFO  o.s.c.s.PostProcessorRegistrationDelegate$BeanPostProcessorChecker - Bean &apos;org.springframework.boot.autoconfigure.web.WebClientAutoConfiguration$RestTemplateConfiguration&apos; of type [class org.springframework.boot.autoconfigure.web.WebClientAutoConfiguration$RestTemplateConfiguration$$EnhancerBySpringCGLIB$$a7c58219] is not eligible for getting processed by all BeanPostProcessors (for example: not eligible for auto-proxying)
2018-04-21 16:30:47.221 [oms-fcwechat] [main] INFO  o.s.c.s.PostProcessorRegistrationDelegate$BeanPostProcessorChecker - Bean &apos;spring.http.encoding-org.springframework.boot.autoconfigure.web.HttpEncodingProperties&apos; of type [class org.springframework.boot.autoconfigure.web.HttpEncodingProperties] is not eligible for getting processed by all BeanPostProcessors (for example: not eligible for auto-proxying)
2018-04-21 16:30:47.228 [oms-fcwechat] [main] INFO  o.s.c.s.PostProcessorRegistrationDelegate$BeanPostProcessorChecker - Bean &apos;org.springframework.boot.autoconfigure.web.HttpMessageConvertersAutoConfiguration$StringHttpMessageConverterConfiguration&apos; of type [class org.springframework.boot.autoconfigure.web.HttpMessageConvertersAutoConfiguration$StringHttpMessageConverterConfiguration$$EnhancerBySpringCGLIB$$edc43402] is not eligible for getting processed by all BeanPostProcessors (for example: not eligible for auto-proxying)
2018-04-21 16:30:47.262 [oms-fcwechat] [main] INFO  o.s.c.s.PostProcessorRegistrationDelegate$BeanPostProcessorChecker - Bean &apos;stringHttpMessageConverter&apos; of type [class org.springframework.http.converter.StringHttpMessageConverter] is not eligible for getting processed by all BeanPostProcessors (for example: not eligible for auto-proxying)
2018-04-21 16:30:47.272 [oms-fcwechat] [main] INFO  o.s.c.s.PostProcessorRegistrationDelegate$BeanPostProcessorChecker - Bean &apos;org.springframework.boot.autoconfigure.web.JacksonHttpMessageConvertersConfiguration$MappingJackson2XmlHttpMessageConverterConfiguration&apos; of type [class org.springframework.boot.autoconfigure.web.JacksonHttpMessageConvertersConfiguration$MappingJackson2XmlHttpMessageConverterConfiguration$$EnhancerBySpringCGLIB$$5dccdbff] is not eligible for getting processed by all BeanPostProcessors (for example: not eligible for auto-proxying)
2018-04-21 16:30:47.304 [oms-fcwechat] [main] INFO  o.s.c.s.PostProcessorRegistrationDelegate$BeanPostProcessorChecker - Bean &apos;spring.jackson-org.springframework.boot.autoconfigure.jackson.JacksonProperties&apos; of type [class org.springframework.boot.autoconfigure.jackson.JacksonProperties] is not eligible for getting processed by all BeanPostProcessors (for example: not eligible for auto-proxying)
2018-04-21 16:30:47.313 [oms-fcwechat] [main] INFO  o.s.c.s.PostProcessorRegistrationDelegate$BeanPostProcessorChecker - Bean &apos;org.springframework.boot.autoconfigure.jackson.JacksonAutoConfiguration$Jackson2ObjectMapperBuilderCustomizerConfiguration&apos; of type [class org.springframework.boot.autoconfigure.jackson.JacksonAutoConfiguration$Jackson2ObjectMapperBuilderCustomizerConfiguration$$EnhancerBySpringCGLIB$$698d329b] is not eligible for getting processed by all BeanPostProcessors (for example: not eligible for auto-proxying)
2018-04-21 16:30:47.333 [oms-fcwechat] [main] INFO  o.s.c.s.PostProcessorRegistrationDelegate$BeanPostProcessorChecker - Bean &apos;standardJacksonObjectMapperBuilderCustomizer&apos; of type [class org.springframework.boot.autoconfigure.jackson.JacksonAutoConfiguration$Jackson2ObjectMapperBuilderCustomizerConfiguration$StandardJackson2ObjectMapperBuilderCustomizer] is not eligible for getting processed by all BeanPostProcessors (for example: not eligible for auto-proxying)
2018-04-21 16:30:47.352 [oms-fcwechat] [main] INFO  o.s.c.s.PostProcessorRegistrationDelegate$BeanPostProcessorChecker - Bean &apos;org.springframework.boot.autoconfigure.jackson.JacksonAutoConfiguration$JacksonObjectMapperBuilderConfiguration&apos; of type [class org.springframework.boot.autoconfigure.jackson.JacksonAutoConfiguration$JacksonObjectMapperBuilderConfiguration$$EnhancerBySpringCGLIB$$ae764cac] is not eligible for getting processed by all BeanPostProcessors (for example: not eligible for auto-proxying)
2018-04-21 16:30:47.375 [oms-fcwechat] [main] INFO  o.s.c.s.PostProcessorRegistrationDelegate$BeanPostProcessorChecker - Bean &apos;org.springframework.boot.autoconfigure.jackson.JacksonAutoConfiguration&apos; of type [class org.springframework.boot.autoconfigure.jackson.JacksonAutoConfiguration$$EnhancerBySpringCGLIB$$de352822] is not eligible for getting processed by all BeanPostProcessors (for example: not eligible for auto-proxying)
2018-04-21 16:30:47.414 [oms-fcwechat] [main] INFO  o.s.c.s.PostProcessorRegistrationDelegate$BeanPostProcessorChecker - Bean &apos;jsonComponentModule&apos; of type [class org.springframework.boot.jackson.JsonComponentModule] is not eligible for getting processed by all BeanPostProcessors (for example: not eligible for auto-proxying)
2018-04-21 16:30:47.450 [oms-fcwechat] [main] INFO  o.s.c.s.PostProcessorRegistrationDelegate$BeanPostProcessorChecker - Bean &apos;jacksonObjectMapperBuilder&apos; of type [class org.springframework.http.converter.json.Jackson2ObjectMapperBuilder] is not eligible for getting processed by all BeanPostProcessors (for example: not eligible for auto-proxying)
2018-04-21 16:30:47.511 [oms-fcwechat] [main] INFO  o.s.c.s.PostProcessorRegistrationDelegate$BeanPostProcessorChecker - Bean &apos;mappingJackson2XmlHttpMessageConverter&apos; of type [class org.springframework.http.converter.xml.MappingJackson2XmlHttpMessageConverter] is not eligible for getting processed by all BeanPostProcessors (for example: not eligible for auto-proxying)
2018-04-21 16:30:47.520 [oms-fcwechat] [main] INFO  o.s.c.s.PostProcessorRegistrationDelegate$BeanPostProcessorChecker - Bean &apos;org.springframework.boot.autoconfigure.web.JacksonHttpMessageConvertersConfiguration$MappingJackson2HttpMessageConverterConfiguration&apos; of type [class org.springframework.boot.autoconfigure.web.JacksonHttpMessageConvertersConfiguration$MappingJackson2HttpMessageConverterConfiguration$$EnhancerBySpringCGLIB$$7bd25e02] is not eligible for getting processed by all BeanPostProcessors (for example: not eligible for auto-proxying)
2018-04-21 16:30:47.528 [oms-fcwechat] [main] INFO  o.s.c.s.PostProcessorRegistrationDelegate$BeanPostProcessorChecker - Bean &apos;org.springframework.boot.autoconfigure.jackson.JacksonAutoConfiguration$JacksonObjectMapperConfiguration&apos; of type [class org.springframework.boot.autoconfigure.jackson.JacksonAutoConfiguration$JacksonObjectMapperConfiguration$$EnhancerBySpringCGLIB$$fc298a93] is not eligible for getting processed by all BeanPostProcessors (for example: not eligible for auto-proxying)
2018-04-21 16:30:47.601 [oms-fcwechat] [main] INFO  o.s.c.s.PostProcessorRegistrationDelegate$BeanPostProcessorChecker - Bean &apos;jacksonObjectMapper&apos; of type [class com.fasterxml.jackson.databind.ObjectMapper] is not eligible for getting processed by all BeanPostProcessors (for example: not eligible for auto-proxying)
2018-04-21 16:30:47.632 [oms-fcwechat] [main] INFO  o.s.c.s.PostProcessorRegistrationDelegate$BeanPostProcessorChecker - Bean &apos;mappingJackson2HttpMessageConverter&apos; of type [class org.springframework.http.converter.json.MappingJackson2HttpMessageConverter] is not eligible for getting processed by all BeanPostProcessors (for example: not eligible for auto-proxying)
2018-04-21 16:30:47.643 [oms-fcwechat] [main] INFO  o.s.c.s.PostProcessorRegistrationDelegate$BeanPostProcessorChecker - Bean &apos;org.springframework.boot.autoconfigure.web.HttpMessageConvertersAutoConfiguration&apos; of type [class org.springframework.boot.autoconfigure.web.HttpMessageConvertersAutoConfiguration$$EnhancerBySpringCGLIB$$314e2962] is not eligible for getting processed by all BeanPostProcessors (for example: not eligible for auto-proxying)
2018-04-21 16:30:47.676 [oms-fcwechat] [main] INFO  o.s.c.s.PostProcessorRegistrationDelegate$BeanPostProcessorChecker - Bean &apos;messageConverters&apos; of type [class org.springframework.boot.autoconfigure.web.HttpMessageConverters] is not eligible for getting processed by all BeanPostProcessors (for example: not eligible for auto-proxying)
2018-04-21 16:30:47.690 [oms-fcwechat] [main] INFO  o.s.c.s.PostProcessorRegistrationDelegate$BeanPostProcessorChecker - Bean &apos;restTemplateBuilder&apos; of type [class org.springframework.boot.web.client.RestTemplateBuilder] is not eligible for getting processed by all BeanPostProcessors (for example: not eligible for auto-proxying)
2018-04-21 16:30:47.694 [oms-fcwechat] [main] INFO  o.s.c.s.PostProcessorRegistrationDelegate$BeanPostProcessorChecker - Bean &apos;OMSTestBootStarter&apos; of type [class com.glsx.oms.OMSTestBootStarter$$EnhancerBySpringCGLIB$$9f25512d] is not eligible for getting processed by all BeanPostProcessors (for example: not eligible for auto-proxying)
2018-04-21 16:30:47.951 [oms-fcwechat] [main] INFO  o.s.c.s.PostProcessorRegistrationDelegate$BeanPostProcessorChecker - Bean &apos;restTemplate&apos; of type [class org.springframework.web.client.RestTemplate] is not eligible for getting processed by all BeanPostProcessors (for example: not eligible for auto-proxying)
2018-04-21 16:30:47.954 [oms-fcwechat] [main] INFO  o.s.c.s.PostProcessorRegistrationDelegate$BeanPostProcessorChecker - Bean &apos;userClient&apos; of type [class com.glsx.oms.fcwechat.user.rest.UserClient] is not eligible for getting processed by all BeanPostProcessors (for example: not eligible for auto-proxying)
2018-04-21 16:30:48.132 [oms-fcwechat] [main] INFO  o.s.c.s.PostProcessorRegistrationDelegate$BeanPostProcessorChecker - Bean &apos;staticProperty&apos; of type [class com.glsx.oms.fcwechat.framework.config.StaticProperty$$EnhancerBySpringCGLIB$$64012b8b] is not eligible for getting processed by all BeanPostProcessors (for example: not eligible for auto-proxying)
2018-04-21 16:30:48.554 [oms-fcwechat] [main] INFO  o.s.c.s.PostProcessorRegistrationDelegate$BeanPostProcessorChecker - Bean &apos;ore.dubbo-org.oreframework.boot.autoconfigure.dubbo.metadata.DubboProperty&apos; of type [class org.oreframework.boot.autoconfigure.dubbo.metadata.DubboProperty] is not eligible for getting processed by all BeanPostProcessors (for example: not eligible for auto-proxying)
2018-04-21 16:30:48.555 [oms-fcwechat] [main] INFO  o.s.c.s.PostProcessorRegistrationDelegate$BeanPostProcessorChecker - Bean &apos;org.oreframework.boot.autoconfigure.dubbo.DubboAutoConfiguration&apos; of type [class org.oreframework.boot.autoconfigure.dubbo.DubboAutoConfiguration$$EnhancerBySpringCGLIB$$dc84194b] is not eligible for getting processed by all BeanPostProcessors (for example: not eligible for auto-proxying)
2018-04-21 16:30:48.565 [oms-fcwechat] [main] INFO  o.s.c.s.PostProcessorRegistrationDelegate$BeanPostProcessorChecker - Bean &apos;requestApplicationConfig&apos; of type [class com.alibaba.dubbo.config.ApplicationConfig] is not eligible for getting processed by all BeanPostProcessors (for example: not eligible for auto-proxying)
2018-04-21 16:30:48.570 [oms-fcwechat] [main] INFO  o.s.c.s.PostProcessorRegistrationDelegate$BeanPostProcessorChecker - Bean &apos;requestRegistryConfig&apos; of type [class com.alibaba.dubbo.config.RegistryConfig] is not eligible for getting processed by all BeanPostProcessors (for example: not eligible for auto-proxying)
2018-04-21 16:30:48.702 [oms-fcwechat] [main] INFO  c.a.d.r.zookeeper.ZookeeperRegistry -  [DUBBO] Load registry store file C:\Users\Administrator\.dubbo\dubbo-registry-192.168.3.206.cache, data: {com.glsx.platform.goods.common.service.ServiceDefinitionService:1.0.0=empty://192.168.1.213/com.glsx.platform.goods.common.service.ServiceDefinitionService?application=oms&amp;category=configurators&amp;dubbo=2.5.3&amp;interface=com.glsx.platform.goods.common.service.ServiceDefinitionService&amp;methods=save,update,delete,getServiceDefinitionBy,existsByName,getByServiceClassficationType,findById,getServiceCountByServiceClassficationId,updateShelveStatus,getServiceDefinitionsByServicePackageId&amp;owner=glsx-oms&amp;pid=12708&amp;revision=1.0.0-SNAPSHOT&amp;side=consumer&amp;timestamp=1504856026012&amp;version=1.0.0 empty://192.168.1.213/com.glsx.platform.goods.common.service.ServiceDefinitionService?application=oms&amp;category=routers&amp;dubbo=2.5.3&amp;interface=com.glsx.platform.goods.common.service.ServiceDefinitionService&amp;methods=save,update,delete,getServiceDefinitionBy,existsByName,getByServiceClassficationType,findById,getServiceCountByServiceClassficationId,updateShelveStatus,getServiceDefinitionsByServicePackageId&amp;owner=glsx-oms&amp;pid=12708&amp;revision=1.0.0-SNAPSHOT&amp;side=consumer&amp;timestamp=1504856026012&amp;version=1.0.0 dubbo://192.168.3.188:9394/com.glsx.platform.goods.common.service.ServiceDefinitionService?anyhost=true&amp;application=platform-goods-service-provider&amp;dubbo=2.5.3&amp;interface=com.glsx.platform.goods.common.service.ServiceDefinitionService&amp;methods=update,save,getServiceDefinitionBy,existsByName,getServiceCountByServiceClassficationId,getServiceDefinitionsByServicePackageId,updateShelveStatus,findById,getByServiceClassficationType,delete&amp;owner=ms&amp;pid=1122&amp;retries=0&amp;revision=1.0.0-20170905.023219-100&amp;side=provider&amp;threadpool=fixed&amp;threads=800&amp;timeout=100000&amp;timestamp=1504579594135&amp;version=1.0.0, com.glsx.biz.common.user.service.PhysicalDeviceService:2.2.0=empty://192.168.1.159/com.glsx.biz.common.user.service.PhysicalDeviceService?application=oms&amp;category=configurators&amp;dubbo=2.5.3&amp;interface=com.glsx.biz.common.user.service.PhysicalDeviceService&amp;methods=save,syncUpdateSystem,update,validateCode,getPhysicalDeviceBySn,getPhysicalDeviceByImsi,checkAvailability,getDevice,getOBDSN,updateManufacturer,batchAddPhysicalDeviceByType,activeDevice,saveDevicesToThirdSys,getOBDList,getPhyDevice,deletePhysicalCache,batchAddPhysicalDevice&amp;owner=glsx-oms&amp;pid=9532&amp;revision=3.0.0-SNAPSHOT&amp;side=consumer&amp;timestamp=1512531640583&amp;version=2.2.0 empty://192.168.1.159/com.glsx.biz.common.user.service.PhysicalDeviceService?application=oms&amp;category=routers&amp;dubbo=2.5.3&amp;interface=com.glsx.biz.common.user.service.PhysicalDeviceService&amp;methods=save,syncUpdateSystem,update,validateCode,getPhysicalDeviceBySn,getPhysicalDeviceByImsi,checkAvailability,getDevice,getOBDSN,updateManufacturer,batchAddPhysicalDeviceByType,activeDevice,saveDevicesToThirdSys,getOBDList,getPhyDevice,deletePhysicalCache,batchAddPhysicalDevice&amp;owner=glsx-oms&amp;pid=9532&amp;revision=3.0.0-SNAPSHOT&amp;side=consumer&amp;timestamp=1512531640583&amp;version=2.2.0 dubbo://192.168.3.188:9015/com.glsx.biz.common.user.service.PhysicalDeviceService?anyhost=true&amp;application=logic-biz-common-service-provider&amp;dubbo=2.5.3&amp;interface=com.glsx.biz.common.user.service.PhysicalDeviceService&amp;methods=update,syncUpdateSystem,getDevice,getPhyDevice,validateCode,save,getOBDList,batchAddPhysicalDevice,deletePhysicalCache,updateManufacturer,getPhysicalDeviceByImsi,saveDevicesToThirdSys,getPhysicalDeviceBySn,batchAddPhysicalDeviceByType,getOBDSN,activeDevice,checkAvailability&amp;owner=ms&amp;pid=24977&amp;retries=0&amp;revision=3.0.0-SNAPSHOT&amp;side=provider&amp;threadpool=fixed&amp;threads=800&amp;timestamp=1508220307961&amp;version=2.2.0, com.glsx.biz.user.service.AccountService:1.0.0=empty://192.168.1.159/com.glsx.biz.user.service.AccountService?application=oms&amp;category=configurators&amp;dubbo=2.5.3&amp;interface=com.glsx.biz.user.service.AccountService&amp;methods=getByMobile,updatePointValue,updateDDboxPassword,save,getAllAcountId,update,userFreezeChange,login,getWechatForNew,unbindWechatByAccountId,bindWechat,unbindWechat,getAccountByUserId,getBindingWechat,getUserByWechat,deleteAccount,updateMobile,registerForActive,updatePassword,isExistByMobileDeviceType,checkBindingWechat,updateMobileForICall,getBindingWechatByAccountId,getAccountByIMSI,updateNickName,isExistByMobile,getById,getWechat,getWechatForUId,register&amp;owner=glsx-oms&amp;pid=9532&amp;revision=2.0.0-SNAPSHOT&amp;side=consumer&amp;timestamp=1512531640973&amp;version=1.0.0 empty://192.168.1.159/com.glsx.biz.user.service.AccountService?application=oms&amp;category=routers&amp;dubbo=2.5.3&amp;interface=com.glsx.biz.user.service.AccountService&amp;methods=getByMobile,updatePointValue,updateDDboxPassword,save,getAllAcountId,update,userFreezeChange,login,getWechatForNew,unbindWechatByAccountId,bindWechat,unbindWechat,getAccountByUserId,getBindingWechat,getUserByWechat,deleteAccount,updateMobile,registerForActive,updatePassword,isExistByMobileDeviceType,checkBindingWechat,updateMobileForICall,getBindingWechatByAccountId,getAccountByIMSI,updateNickName,isExistByMobile,getById,getWechat,getWechatForUId,register&amp;owner=glsx-oms&amp;pid=9532&amp;revision=2.0.0-SNAPSHOT&amp;side=consumer&amp;timestamp=1512531640973&amp;version=1.0.0 dubbo://192.168.3.188:9931/com.glsx.biz.user.service.AccountService?anyhost=true&amp;application=biz-user-service-provider&amp;dubbo=2.5.3&amp;interface=com.glsx.biz.user.service.AccountService&amp;methods=update,unbindWechatByAccountId,checkBindingWechat,getByMobile,getAccountByUserId,save,updateMobile,isExistByMobileDeviceType,getWechatForNew,isExistByMobile,getWechat,userFreezeChange,updateNickName,getById,login,updateMobileForICall,getAccountByIMSI,getUserByWechat,registerForActive,getBindingWechat,deleteAccount,getBindingWechatByAccountId,register,getAllAcountId,updateDDboxPassword,updatePointValue,updatePassword,unbindWechat,bindWechat,getWechatForUId&amp;owner=ms&amp;pid=3166&amp;retries=0&amp;revision=2.0.0-SNAPSHOT&amp;side=provider&amp;threadpool=fixed&amp;threads=800&amp;timeout=100000&amp;timestamp=1510797910837&amp;version=1.0.0, com.glsx.platform.goods.common.service.AssociateFlowPackageService:1.0.0=empty://192.168.1.159/com.glsx.platform.goods.common.service.AssociateFlowPackageService?application=oms&amp;category=configurators&amp;dubbo=2.5.3&amp;interface=com.glsx.platform.goods.common.service.AssociateFlowPackageService&amp;methods=getFlowPackageRelation,getFlowPackagesByAssociateId,findByServicePackageId,save,getFlowPackages,update,delete&amp;owner=glsx-oms&amp;pid=9532&amp;revision=1.0.0-SNAPSHOT&amp;side=consumer&amp;timestamp=1512531636676&amp;version=1.0.0 empty://192.168.1.159/com.glsx.platform.goods.common.service.AssociateFlowPackageService?application=oms&amp;category=routers&amp;dubbo=2.5.3&amp;interface=com.glsx.platform.goods.common.service.AssociateFlowPackageService&amp;methods=getFlowPackageRelation,getFlowPackagesByAssociateId,findByServicePackageId,save,getFlowPackages,update,delete&amp;owner=glsx-oms&amp;pid=9532&amp;revision=1.0.0-SNAPSHOT&amp;side=consumer&amp;timestamp=1512531636676&amp;version=1.0.0 dubbo://192.168.3.188:9394/com.glsx.platform.goods.common.service.AssociateFlowPackageService?anyhost=true&amp;application=platform-goods-service-provider&amp;dubbo=2.5.3&amp;interface=com.glsx.platform.goods.common.service.AssociateFlowPackageService&amp;methods=update,getFlowPackagesByAssociateId,save,findByServicePackageId,getFlowPackages,delete,getFlowPackageRelation&amp;owner=ms&amp;pid=14300&amp;retries=0&amp;revision=1.0.0-SNAPSHOT&amp;side=provider&amp;threadpool=fixed&amp;threads=800&amp;timeout=100000&amp;timestamp=1511145365004&amp;version=1.0.0, com.glsx.fcservice.api.service.FlowcardPackageService:1.0.0=empty://192.168.1.213/com.glsx.fcservice.api.service.FlowcardPackageService?application=oms&amp;category=configurators&amp;dubbo=2.5.3&amp;interface=com.glsx.fcservice.api.service.FlowcardPackageService&amp;methods=switchPackage,getPackagemappingByProperty,getFlowCardPackage&amp;owner=glsx-oms&amp;pid=12708&amp;revision=1.0.0-SNAPSHOT&amp;side=consumer&amp;timestamp=1504856026461&amp;version=1.0.0 empty://192.168.1.213/com.glsx.fcservice.api.service.FlowcardPackageService?application=oms&amp;category=routers&amp;dubbo=2.5.3&amp;interface=com.glsx.fcservice.api.service.FlowcardPackageService&amp;methods=switchPackage,getPackagemappingByProperty,getFlowCardPackage&amp;owner=glsx-oms&amp;pid=12708&amp;revision=1.0.0-SNAPSHOT&amp;side=consumer&amp;timestamp=1504856026461&amp;version=1.0.0 dubbo://192.168.3.238:9967/com.glsx.fcservice.api.service.FlowcardPackageService?anyhost=true&amp;application=operating-fcservice-provider&amp;dubbo=2.5.3&amp;interface=com.glsx.fcservice.api.service.FlowcardPackageService&amp;methods=switchPackage,getPackagemappingByProperty,getFlowCardPackage&amp;owner=flowcard_service&amp;pid=22325&amp;retries=0&amp;revision=1.0.0-20170829.033215-131&amp;side=provider&amp;threadpool=fixed&amp;threads=500&amp;timeout=100000&amp;timestamp=1504592963076&amp;version=1.0.0, com.glsx.platform.goods.common.service.MallClassficationService:1.0.0=empty://192.168.1.213/com.glsx.platform.goods.common.service.MallClassficationService?application=oms&amp;category=configurators&amp;dubbo=2.5.3&amp;interface=com.glsx.platform.goods.common.service.MallClassficationService&amp;methods=existsByName,findById,save,update,getRootId,delete&amp;owner=glsx-oms&amp;pid=12708&amp;revision=1.0.0-SNAPSHOT&amp;side=consumer&amp;timestamp=1504856021294&amp;version=1.0.0 empty://192.168.1.213/com.glsx.platform.goods.common.service.MallClassficationService?application=oms&amp;category=routers&amp;dubbo=2.5.3&amp;interface=com.glsx.platform.goods.common.service.MallClassficationService&amp;methods=existsByName,findById,save,update,getRootId,delete&amp;owner=glsx-oms&amp;pid=12708&amp;revision=1.0.0-SNAPSHOT&amp;side=consumer&amp;timestamp=1504856021294&amp;version=1.0.0 dubbo://192.168.3.188:9394/com.glsx.platform.goods.common.service.MallClassficationService?anyhost=true&amp;application=platform-goods-service-provider&amp;dubbo=2.5.3&amp;interface=com.glsx.platform.goods.common.service.MallClassficationService&amp;methods=update,save,findById,getRootId,delete,existsByName&amp;owner=ms&amp;pid=1122&amp;retries=0&amp;revision=1.0.0-20170905.023219-100&amp;side=provider&amp;threadpool=fixed&amp;threads=800&amp;timeout=100000&amp;timestamp=1504579594282&amp;version=1.0.0, com.glsx.biz.common.message.service.MessageService:2.2.0=empty://192.168.1.208/com.glsx.biz.common.message.service.MessageService?application=consumer&amp;category=configurators&amp;dubbo=2.5.3&amp;interface=com.glsx.biz.common.message.service.MessageService&amp;methods=checkRandomPassword,getCheckCodeStatus,receiveMessage,createUnsubscription,getCheckCodeInfo,sendMessage,queryUnsubscription,queryMessage,sendSmsMessage&amp;owner=ore&amp;pid=20408&amp;revision=2.2.0-SNAPSHOT&amp;side=consumer&amp;timeout=10000&amp;timestamp=1524299181627&amp;version=2.2.0 empty://192.168.1.208/com.glsx.biz.common.message.service.MessageService?application=consumer&amp;category=routers&amp;dubbo=2.5.3&amp;interface=com.glsx.biz.common.message.service.MessageService&amp;methods=checkRandomPassword,getCheckCodeStatus,receiveMessage,createUnsubscription,getCheckCodeInfo,sendMessage,queryUnsubscription,queryMessage,sendSmsMessage&amp;owner=ore&amp;pid=20408&amp;revision=2.2.0-SNAPSHOT&amp;side=consumer&amp;timeout=10000&amp;timestamp=1524299181627&amp;version=2.2.0 dubbo://192.168.3.188:9015/com.glsx.biz.common.message.service.MessageService?anyhost=true&amp;application=logic-biz-common-service-provider&amp;dubbo=2.5.3&amp;interface=com.glsx.biz.common.message.service.MessageService&amp;methods=queryMessage,sendMessage,getCheckCodeInfo,createUnsubscription,getCheckCodeStatus,receiveMessage,sendSmsMessage,checkRandomPassword,queryUnsubscription&amp;owner=ms&amp;pid=24986&amp;retries=0&amp;revision=2.2.0-20170810.082309-90&amp;side=provider&amp;threadpool=fixed&amp;threads=800&amp;timestamp=1521022141498&amp;version=2.2.0, com.glsx.biz.common.upgrade.service.AppGroupManager:2.1.1=override://192.168.3.206:9901/com.glsx.biz.common.upgrade.service.AppGroupManager?category=configurators&amp;dynamic=false&amp;enabled=true&amp;version=2.1.1&amp;weight=200 empty://192.168.1.213/com.glsx.biz.common.upgrade.service.AppGroupManager?application=oms&amp;category=routers&amp;dubbo=2.5.3&amp;interface=com.glsx.biz.common.upgrade.service.AppGroupManager&amp;methods=getByGroupCode,updateState,findAllName,isExistByCode,save,update,findByName,findPage,delete,findAll,isUniqueByCode,get&amp;owner=glsx-oms&amp;pid=12708&amp;revision=2.2.6-SNAPSHOT&amp;side=consumer&amp;timestamp=1504856026684&amp;version=2.1.1 dubbo://192.168.3.188:9901/com.glsx.biz.common.upgrade.service.AppGroupManager?anyhost=true&amp;application=xiaoms&amp;dubbo=2.5.3&amp;interface=com.glsx.biz.common.upgrade.service.AppGroupManager&amp;methods=update,save,get,findAll,getByGroupCode,updateState,findAllName,findByName,delete,findPage,isExistByCode,isUniqueByCode&amp;owner=biz_upgrade_ms&amp;pid=20741&amp;revision=2.2.6-SNAPSHOT&amp;side=provider&amp;timestamp=1495609884591&amp;version=2.1.1, com.glsx.platform.goods.common.service.ServiceTagService:1.0.0=empty://192.168.1.213/com.glsx.platform.goods.common.service.ServiceTagService?application=oms&amp;category=configurators&amp;dubbo=2.5.3&amp;interface=com.glsx.platform.goods.common.service.ServiceTagService&amp;methods=existsByName,findById,save,update,delete&amp;owner=glsx-oms&amp;pid=12708&amp;revision=1.0.0-SNAPSHOT&amp;side=consumer&amp;timestamp=1504856026229&amp;version=1.0.0 empty://192.168.1.213/com.glsx.platform.goods.common.service.ServiceTagService?application=oms&amp;category=routers&amp;dubbo=2.5.3&amp;interface=com.glsx.platform.goods.common.service.ServiceTagService&amp;methods=existsByName,findById,save,update,delete&amp;owner=glsx-oms&amp;pid=12708&amp;revision=1.0.0-SNAPSHOT&amp;side=consumer&amp;timestamp=1504856026229&amp;version=1.0.0 dubbo://192.168.3.188:9394/com.glsx.platform.goods.common.service.ServiceTagService?anyhost=true&amp;application=platform-goods-service-provider&amp;dubbo=2.5.3&amp;interface=com.glsx.platform.goods.common.service.ServiceTagService&amp;methods=update,save,findById,delete,existsByName&amp;owner=ms&amp;pid=1122&amp;retries=0&amp;revision=1.0.0-20170905.023219-100&amp;side=provider&amp;threadpool=fixed&amp;threads=800&amp;timeout=100000&amp;timestamp=1504579594028&amp;version=1.0.0, com.glsx.fcservice.api.service.FlowcardService:1.0.0=empty://192.168.1.208/com.glsx.fcservice.api.service.FlowcardService?application=operating-icp&amp;category=configurators&amp;dubbo=2.5.3&amp;interface=com.glsx.fcservice.api.service.FlowcardService&amp;methods=delFlowCardByIccid,queryCardFlow,queryFlowcardMoveRecord,queryFlowcardByIccid,delWhitelist,checkPackageIsOpen,saveFlowcardMove,saveFlowCardImei,addRecharge,queryFlowcardByImsi,saveCharge,isAbleFlowcardMove,addFlowcardMove,queryNewestFlowcardByFlowcard&amp;owner=ms&amp;pid=10420&amp;retries=0&amp;revision=1.0.0-SNAPSHOT&amp;side=consumer&amp;timeout=100000&amp;timestamp=1523411397617&amp;version=1.0.0 empty://192.168.1.208/com.glsx.fcservice.api.service.FlowcardService?application=operating-icp&amp;category=routers&amp;dubbo=2.5.3&amp;interface=com.glsx.fcservice.api.service.FlowcardService&amp;methods=delFlowCardByIccid,queryCardFlow,queryFlowcardMoveRecord,queryFlowcardByIccid,delWhitelist,checkPackageIsOpen,saveFlowcardMove,saveFlowCardImei,addRecharge,queryFlowcardByImsi,saveCharge,isAbleFlowcardMove,addFlowcardMove,queryNewestFlowcardByFlowcard&amp;owner=ms&amp;pid=10420&amp;retries=0&amp;revision=1.0.0-SNAPSHOT&amp;side=consumer&amp;timeout=100000&amp;timestamp=1523411397617&amp;version=1.0.0 empty://192.168.1.208/com.glsx.fcservice.api.service.FlowcardService?application=operating-icp&amp;category=providers&amp;dubbo=2.5.3&amp;interface=com.glsx.fcservice.api.service.FlowcardService&amp;methods=delFlowCardByIccid,queryCardFlow,queryFlowcardMoveRecord,queryFlowcardByIccid,delWhitelist,checkPackageIsOpen,saveFlowcardMove,saveFlowCardImei,addRecharge,queryFlowcardByImsi,saveCharge,isAbleFlowcardMove,addFlowcardMove,queryNewestFlowcardByFlowcard&amp;owner=ms&amp;pid=10420&amp;retries=0&amp;revision=1.0.0-SNAPSHOT&amp;side=consumer&amp;timeout=100000&amp;timestamp=1523411397617&amp;version=1.0.0, com.glsx.platform.goods.common.service.CommonQueryService:1.0.0=empty://192.168.1.213/com.glsx.platform.goods.common.service.CommonQueryService?application=oms&amp;category=configurators&amp;dubbo=2.5.3&amp;interface=com.glsx.platform.goods.common.service.CommonQueryService&amp;methods=getServiceDefinitions,getServicePackages,getRootServiceClassfications,getChildrenMallClassfications,getRootMallClassfications,getMallGoods,getChildrenServiceClassfications,getServiceTags&amp;owner=glsx-oms&amp;pid=12708&amp;revision=1.0.0-SNAPSHOT&amp;side=consumer&amp;timestamp=1504856024611&amp;version=1.0.0 empty://192.168.1.213/com.glsx.platform.goods.common.service.CommonQueryService?application=oms&amp;category=routers&amp;dubbo=2.5.3&amp;interface=com.glsx.platform.goods.common.service.CommonQueryService&amp;methods=getServiceDefinitions,getServicePackages,getRootServiceClassfications,getChildrenMallClassfications,getRootMallClassfications,getMallGoods,getChildrenServiceClassfications,getServiceTags&amp;owner=glsx-oms&amp;pid=12708&amp;revision=1.0.0-SNAPSHOT&amp;side=consumer&amp;timestamp=1504856024611&amp;version=1.0.0 dubbo://192.168.3.188:9394/com.glsx.platform.goods.common.service.CommonQueryService?anyhost=true&amp;application=platform-goods-service-provider&amp;dubbo=2.5.3&amp;interface=com.glsx.platform.goods.common.service.CommonQueryService&amp;methods=getServiceDefinitions,getServiceTags,getServicePackages,getRootMallClassfications,getChildrenServiceClassfications,getChildrenMallClassfications,getRootServiceClassfications,getMallGoods&amp;owner=ms&amp;pid=1122&amp;retries=0&amp;revision=1.0.0-20170905.023219-100&amp;side=provider&amp;threadpool=fixed&amp;threads=800&amp;timeout=100000&amp;timestamp=1504579594387&amp;version=1.0.0, com.glsx.biz.common.user.service.MerchantService:2.2.0=empty://192.168.1.159/com.glsx.biz.common.user.service.MerchantService?application=oms&amp;category=configurators&amp;dubbo=2.5.3&amp;interface=com.glsx.biz.common.user.service.MerchantService&amp;methods=createMerchantSubAccount,save,deleteAll,update,updateAll,auditMerchant,enableMerchant,getMerchantsByCity,countMerchantById,deleteMerchant,createMerchantSubAccountRole,getMerchants,createMerchantSubAccountRoleRela,get,getAreaByMerchant,createMerchant,getMerchantInfoById,getBindMerchant,updateBatchMerchant&amp;owner=glsx-oms&amp;pid=9532&amp;revision=3.0.0-SNAPSHOT&amp;side=consumer&amp;timestamp=1512531641175&amp;version=2.2.0 empty://192.168.1.159/com.glsx.biz.common.user.service.MerchantService?application=oms&amp;category=routers&amp;dubbo=2.5.3&amp;interface=com.glsx.biz.common.user.service.MerchantService&amp;methods=createMerchantSubAccount,save,deleteAll,update,updateAll,auditMerchant,enableMerchant,getMerchantsByCity,countMerchantById,deleteMerchant,createMerchantSubAccountRole,getMerchants,createMerchantSubAccountRoleRela,get,getAreaByMerchant,createMerchant,getMerchantInfoById,getBindMerchant,updateBatchMerchant&amp;owner=glsx-oms&amp;pid=9532&amp;revision=3.0.0-SNAPSHOT&amp;side=consumer&amp;timestamp=1512531641175&amp;version=2.2.0 dubbo://192.168.3.188:9015/com.glsx.biz.common.user.service.MerchantService?anyhost=true&amp;application=logic-biz-common-service-provider&amp;dubbo=2.5.3&amp;interface=com.glsx.biz.common.user.service.MerchantService&amp;methods=update,getBindMerchant,save,get,getMerchants,updateBatchMerchant,getMerchantsByCity,createMerchant,getMerchantInfoById,createMerchantSubAccount,deleteAll,createMerchantSubAccountRoleRela,deleteMerchant,getAreaByMerchant,updateAll,enableMerchant,createMerchantSubAccountRole,auditMerchant,countMerchantById&amp;owner=ms&amp;pid=24977&amp;retries=0&amp;revision=3.0.0-SNAPSHOT&amp;side=provider&amp;threadpool=fixed&amp;threads=800&amp;timestamp=1508220308200&amp;version=2.2.0, com.glsx.biz.user.service.UserService:1.0.0=empty://192.168.1.159/com.glsx.biz.user.service.UserService?application=oms&amp;category=configurators&amp;dubbo=2.5.3&amp;interface=com.glsx.biz.user.service.UserService&amp;methods=addOutUserPackageOrderRecords,getByWechat,createUserId,unbindRearview,updatePixel,updateOrderRecord,deleteUserCache,updateByMerchant,update,getByPhysicalId,delete,updateMerchant,updateRearview,updateStdMileage,getMessageSeqId,updateIMSI,getRenewPackageGoodsByProtocolId,getBySN,getUserPackageForAdmin,getByThirdId,getByUserId,addUserCommodityOrderRecords,saveUser,addOutUserCommodityOrderRecords,saveSyncLog,deletePackCache,getListByAccountBinding,getUserAll,getFlowPackageGoodsByProtocolId,addUserPackageOrderRecords,updateUserPackageOrderRecords,toDistributeFlow,unbindingUserPackage,updateCarIdByUserId,updateSN,createUserPackageOrderRecords,updateStatus,report&amp;owner=glsx-oms&amp;pid=9532&amp;revision=2.0.0-SNAPSHOT&amp;side=consumer&amp;timestamp=1512531640794&amp;version=1.0.0 empty://192.168.1.159/com.glsx.biz.user.service.UserService?application=oms&amp;category=routers&amp;dubbo=2.5.3&amp;interface=com.glsx.biz.user.service.UserService&amp;methods=addOutUserPackageOrderRecords,getByWechat,createUserId,unbindRearview,updatePixel,updateOrderRecord,deleteUserCache,updateByMerchant,update,getByPhysicalId,delete,updateMerchant,updateRearview,updateStdMileage,getMessageSeqId,updateIMSI,getRenewPackageGoodsByProtocolId,getBySN,getUserPackageForAdmin,getByThirdId,getByUserId,addUserCommodityOrderRecords,saveUser,addOutUserCommodityOrderRecords,saveSyncLog,deletePackCache,getListByAccountBinding,getUserAll,getFlowPackageGoodsByProtocolId,addUserPackageOrderRecords,updateUserPackageOrderRecords,toDistributeFlow,unbindingUserPackage,updateCarIdByUserId,updateSN,createUserPackageOrderRecords,updateStatus,report&amp;owner=glsx-oms&amp;pid=9532&amp;revision=2.0.0-SNAPSHOT&amp;side=consumer&amp;timestamp=1512531640794&amp;version=1.0.0 dubbo://192.168.3.188:9931/com.glsx.biz.user.service.UserService?anyhost=true&amp;application=biz-user-service-provider&amp;dubbo=2.5.3&amp;interface=com.glsx.biz.user.service.UserService&amp;methods=update,addOutUserPackageOrderRecords,updateStdMileage,updatePixel,toDistributeFlow,getByWechat,createUserPackageOrderRecords,updateMerchant,getByUserId,addUserCommodityOrderRecords,getListByAccountBinding,updateCarIdByUserId,getRenewPackageGoodsByProtocolId,report,delete,updateIMSI,addOutUserCommodityOrderRecords,getMessageSeqId,createUserId,getUserPackageForAdmin,getByThirdId,saveUser,updateStatus,getBySN,updateOrderRecord,saveSyncLog,unbindingUserPackage,getByPhysicalId,addUserPackageOrderRecords,updateUserPackageOrderRecords,updateSN,deletePackCache,getUserAll,updateByMerchant,unbindRearview,getFlowPackageGoodsByProtocolId,updateRearview,deleteUserCache&amp;owner=ms&amp;pid=3166&amp;retries=0&amp;revision=2.0.0-SNAPSHOT&amp;side=provider&amp;threadpool=fixed&amp;threads=800&amp;timeout=100000&amp;timestamp=1510797911003&amp;version=1.0.0, com.glsx.platform.goods.common.service.ServicePackageService:1.0.0=empty://192.168.1.213/com.glsx.platform.goods.common.service.ServicePackageService?application=oms&amp;category=configurators&amp;dubbo=2.5.3&amp;interface=com.glsx.platform.goods.common.service.ServicePackageService&amp;methods=findByDeviceId,save,update,getAppPackageDetailByPackageId,delete,existsByName,findById,findActiveUpShelvePackageByDeviceId,getClassfinitionPackageDetailByPackgeId,updateShelveStatus&amp;owner=glsx-oms&amp;pid=12708&amp;revision=1.0.0-SNAPSHOT&amp;side=consumer&amp;timestamp=1504856025885&amp;version=1.0.0 empty://192.168.1.213/com.glsx.platform.goods.common.service.ServicePackageService?application=oms&amp;category=routers&amp;dubbo=2.5.3&amp;interface=com.glsx.platform.goods.common.service.ServicePackageService&amp;methods=findByDeviceId,save,update,getAppPackageDetailByPackageId,delete,existsByName,findById,findActiveUpShelvePackageByDeviceId,getClassfinitionPackageDetailByPackgeId,updateShelveStatus&amp;owner=glsx-oms&amp;pid=12708&amp;revision=1.0.0-SNAPSHOT&amp;side=consumer&amp;timestamp=1504856025885&amp;version=1.0.0 dubbo://192.168.3.188:9394/com.glsx.platform.goods.common.service.ServicePackageService?anyhost=true&amp;application=platform-goods-service-provider&amp;dubbo=2.5.3&amp;interface=com.glsx.platform.goods.common.service.ServicePackageService&amp;methods=update,findByDeviceId,save,getClassfinitionPackageDetailByPackgeId,findActiveUpShelvePackageByDeviceId,existsByName,getAppPackageDetailByPackageId,updateShelveStatus,findById,delete&amp;owner=ms&amp;pid=1122&amp;retries=0&amp;revision=1.0.0-20170905.023219-100&amp;side=provider&amp;threadpool=fixed&amp;threads=800&amp;timeout=100000&amp;timestamp=1504579594077&amp;version=1.0.0, com.glsx.biz.common.base.service.ConfigurationService:2.2.0=empty://192.168.1.159/com.glsx.biz.common.base.service.ConfigurationService?application=oms&amp;category=configurators&amp;dubbo=2.5.3&amp;interface=com.glsx.biz.common.base.service.ConfigurationService&amp;methods=getConfigById,getByType,save,getByTypeAndValue,update,getDisplacementList,delete,getByTypeAndCode&amp;owner=glsx-oms&amp;pid=9532&amp;revision=2.2.0-SNAPSHOT&amp;side=consumer&amp;timestamp=1512531641099&amp;version=2.2.0 empty://192.168.1.159/com.glsx.biz.common.base.service.ConfigurationService?application=oms&amp;category=routers&amp;dubbo=2.5.3&amp;interface=com.glsx.biz.common.base.service.ConfigurationService&amp;methods=getConfigById,getByType,save,getByTypeAndValue,update,getDisplacementList,delete,getByTypeAndCode&amp;owner=glsx-oms&amp;pid=9532&amp;revision=2.2.0-SNAPSHOT&amp;side=consumer&amp;timestamp=1512531641099&amp;version=2.2.0 dubbo://192.168.3.188:9015/com.glsx.biz.common.base.service.ConfigurationService?anyhost=true&amp;application=logic-biz-common-service-provider&amp;dubbo=2.5.3&amp;interface=com.glsx.biz.common.base.service.ConfigurationService&amp;methods=getByTypeAndValue,update,getConfigById,save,getDisplacementList,delete,getByType,getByTypeAndCode&amp;owner=ms&amp;pid=24977&amp;retries=0&amp;revision=2.2.0-SNAPSHOT&amp;side=provider&amp;threadpool=fixed&amp;threads=800&amp;timestamp=1508220307651&amp;version=2.2.0, com.glsx.oms.flowservice.api.service.PackageService:1.0.0=empty://192.168.1.159/com.glsx.oms.flowservice.api.service.PackageService?application=oms&amp;category=configurators&amp;dubbo=2.5.3&amp;interface=com.glsx.oms.flowservice.api.service.PackageService&amp;methods=openPackage,getPackageMapping,rechargePackage,changePackage,getPackageList&amp;owner=glsx-oms&amp;pid=9532&amp;revision=1.0.0-SNAPSHOT&amp;side=consumer&amp;timestamp=1512531641260&amp;version=1.0.0 empty://192.168.1.159/com.glsx.oms.flowservice.api.service.PackageService?application=oms&amp;category=routers&amp;dubbo=2.5.3&amp;interface=com.glsx.oms.flowservice.api.service.PackageService&amp;methods=openPackage,getPackageMapping,rechargePackage,changePackage,getPackageList&amp;owner=glsx-oms&amp;pid=9532&amp;revision=1.0.0-SNAPSHOT&amp;side=consumer&amp;timestamp=1512531641260&amp;version=1.0.0 dubbo://192.168.3.238:20881/com.glsx.oms.flowservice.api.service.PackageService?anyhost=true&amp;application=provider&amp;dubbo=2.5.3&amp;interface=com.glsx.oms.flowservice.api.service.PackageService&amp;methods=openPackage,getPackageMapping,rechargePackage,changePackage,getPackageList&amp;owner=ore&amp;pid=21080&amp;revision=1.0.0-20171127.070114-21&amp;side=provider&amp;timeout=100000&amp;timestamp=1512119990047&amp;version=1.0.0, com.glsx.biz.club.service.ClubSaleServiceService:1.0.0=empty://192.168.1.208/com.glsx.biz.club.service.ClubSaleServiceService?application=operating-icp&amp;category=configurators&amp;dubbo=2.5.3&amp;interface=com.glsx.biz.club.service.ClubSaleServiceService&amp;methods=getByCode,updateDeviceRequest,search,auditReceiveDevice,auditUpdateDevice,receiveDeviceRequest,auditUpdateCard,updateCardRequest,auditSaleRequest&amp;owner=ms&amp;pid=10420&amp;retries=0&amp;revision=1.0.0-SNAPSHOT&amp;side=consumer&amp;timeout=100000&amp;timestamp=1523411385060&amp;version=1.0.0 empty://192.168.1.208/com.glsx.biz.club.service.ClubSaleServiceService?application=operating-icp&amp;category=routers&amp;dubbo=2.5.3&amp;interface=com.glsx.biz.club.service.ClubSaleServiceService&amp;methods=getByCode,updateDeviceRequest,search,auditReceiveDevice,auditUpdateDevice,receiveDeviceRequest,auditUpdateCard,updateCardRequest,auditSaleRequest&amp;owner=ms&amp;pid=10420&amp;retries=0&amp;revision=1.0.0-SNAPSHOT&amp;side=consumer&amp;timeout=100000&amp;timestamp=1523411385060&amp;version=1.0.0 dubbo://192.168.3.231:9988/com.glsx.biz.club.service.ClubSaleServiceService?anyhost=true&amp;application=biz-club-service-provider&amp;dubbo=2.5.3&amp;interface=com.glsx.biz.club.service.ClubSaleServiceService&amp;methods=getByCode,auditUpdateDevice,auditReceiveDevice,auditUpdateCard,updateCardRequest,search,updateDeviceRequest,receiveDeviceRequest,auditSaleRequest&amp;owner=common_club&amp;pid=11743&amp;retries=0&amp;revision=1.0.0-SNAPSHOT&amp;side=provider&amp;threadpool=fixed&amp;threads=500&amp;timeout=100000&amp;timestamp=1517477049105&amp;version=1.0.0, com.glsx.biz.merchant.service.MerchantService:1.0.0=empty://192.168.1.213/com.glsx.biz.merchant.service.MerchantService?application=oms&amp;category=configurators&amp;dubbo=2.5.3&amp;interface=com.glsx.biz.merchant.service.MerchantService&amp;methods=save,update,updateAll,auditMerchant,enableMerchant,countMerchantById,disableMerchant,findAll,deleteMerchant,createMerchantSubAccountRoleRela,getByMerchantName,find,get,getAreaByMerchant,getBindMerchant,createMerchantSubAccount,deleteAll,getMerchantsByCity,createMerchantSubAccountRole,findChild,getMerchants,getMerchantInfoById,createMerchant,batchAddPhysicalDevice,updateBatchMerchant&amp;owner=glsx-oms&amp;pid=12708&amp;revision=1.0.0-SNAPSHOT&amp;side=consumer&amp;timestamp=1504856026550&amp;version=1.0.0 empty://192.168.1.213/com.glsx.biz.merchant.service.MerchantService?application=oms&amp;category=routers&amp;dubbo=2.5.3&amp;interface=com.glsx.biz.merchant.service.MerchantService&amp;methods=save,update,updateAll,auditMerchant,enableMerchant,countMerchantById,disableMerchant,findAll,deleteMerchant,createMerchantSubAccountRoleRela,getByMerchantName,find,get,getAreaByMerchant,getBindMerchant,createMerchantSubAccount,deleteAll,getMerchantsByCity,createMerchantSubAccountRole,findChild,getMerchants,getMerchantInfoById,createMerchant,batchAddPhysicalDevice,updateBatchMerchant&amp;owner=glsx-oms&amp;pid=12708&amp;revision=1.0.0-SNAPSHOT&amp;side=consumer&amp;timestamp=1504856026550&amp;version=1.0.0 dubbo://192.168.3.188:9968/com.glsx.biz.merchant.service.MerchantService?anyhost=true&amp;application=biz-merchant-service-provider&amp;dubbo=2.5.3&amp;interface=com.glsx.biz.merchant.service.MerchantService&amp;methods=update,getBindMerchant,save,getMerchants,updateBatchMerchant,getMerchantsByCity,createMerchant,batchAddPhysicalDevice,getMerchantInfoById,disableMerchant,deleteAll,updateAll,findChild,enableMerchant,getByMerchantName,createMerchantSubAccountRole,find,auditMerchant,countMerchantById,get,findAll,createMerchantSubAccount,createMerchantSubAccountRoleRela,deleteMerchant,getAreaByMerchant&amp;owner=common_merchant&amp;pid=7670&amp;retries=0&amp;revision=1.0.0-SNAPSHOT&amp;side=provider&amp;threadpool=fixed&amp;threads=500&amp;timeout=100000&amp;timestamp=1499423456282&amp;version=1.0.0, com.glsx.platform.goods.common.service.ServiceClassficationService:1.0.0=empty://192.168.1.213/com.glsx.platform.goods.common.service.ServiceClassficationService?application=oms&amp;category=configurators&amp;dubbo=2.5.3&amp;interface=com.glsx.platform.goods.common.service.ServiceClassficationService&amp;methods=existsByName,findById,save,update,delete&amp;owner=glsx-oms&amp;pid=12708&amp;revision=1.0.0-SNAPSHOT&amp;side=consumer&amp;timestamp=1504856026352&amp;version=1.0.0 empty://192.168.1.213/com.glsx.platform.goods.common.service.ServiceClassficationService?application=oms&amp;category=routers&amp;dubbo=2.5.3&amp;interface=com.glsx.platform.goods.common.service.ServiceClassficationService&amp;methods=existsByName,findById,save,update,delete&amp;owner=glsx-oms&amp;pid=12708&amp;revision=1.0.0-SNAPSHOT&amp;side=consumer&amp;timestamp=1504856026352&amp;version=1.0.0 dubbo://192.168.3.188:9394/com.glsx.platform.goods.common.service.ServiceClassficationService?anyhost=true&amp;application=platform-goods-service-provider&amp;dubbo=2.5.3&amp;interface=com.glsx.platform.goods.common.service.ServiceClassficationService&amp;methods=update,save,findById,delete,existsByName&amp;owner=ms&amp;pid=1122&amp;retries=0&amp;revision=1.0.0-20170905.023219-100&amp;side=provider&amp;threadpool=fixed&amp;threads=800&amp;timeout=100000&amp;timestamp=1504579594171&amp;version=1.0.0, com.glsx.fcservice.api.service.FlowcardService=empty://192.168.1.104/com.glsx.fcservice.api.service.FlowcardService?application=oms&amp;category=configurators&amp;dubbo=2.5.3&amp;interface=com.glsx.fcservice.api.service.FlowcardService&amp;methods=reCharge,queryFlowcardByImsi,delFlowCardByIccid,queryCardFlow,queryFlowcardMoveRecord,checkPackageIsOpen,saveFlowcardMove,isAbleFlowcardMove,addFlowcardMove,queryNewestFlowcardByFlowcard&amp;owner=glsx-oms&amp;pid=4940&amp;revision=1.0.0-SNAPSHOT&amp;side=consumer&amp;timestamp=1488432903873 route://0.0.0.0/com.glsx.fcservice.api.service.FlowcardService?category=routers&amp;dynamic=false&amp;enabled=true&amp;force=true&amp;name=com.glsx.fcservice.api.service.FlowcardService blackwhitelist&amp;priority=0&amp;router=condition&amp;rule=consumer.host+%21%3D+192.168.2.204%2C192.168.1.44%2C192.168.2.5%2C192.168.2.93+%3D%3E+false&amp;runtime=false empty://192.168.1.104/com.glsx.fcservice.api.service.FlowcardService?application=oms&amp;category=providers&amp;dubbo=2.5.3&amp;interface=com.glsx.fcservice.api.service.FlowcardService&amp;methods=reCharge,queryFlowcardByImsi,delFlowCardByIccid,queryCardFlow,queryFlowcardMoveRecord,checkPackageIsOpen,saveFlowcardMove,isAbleFlowcardMove,addFlowcardMove,queryNewestFlowcardByFlowcard&amp;owner=glsx-oms&amp;pid=4940&amp;revision=1.0.0-SNAPSHOT&amp;side=consumer&amp;timestamp=1488432903873, com.glsx.biz.common.user.service.DeviceCategoryService:2.2.0=empty://192.168.1.159/com.glsx.biz.common.user.service.DeviceCategoryService?application=oms&amp;category=configurators&amp;dubbo=2.5.3&amp;interface=com.glsx.biz.common.user.service.DeviceCategoryService&amp;methods=findByDeviceNameContainer,getByManufacturerCode,getDeviceCategoriesByMerchant,getDeviceCategoryById,get,getDeviceCategories,getDeviceAtr&amp;owner=glsx-oms&amp;pid=9532&amp;revision=3.0.0-SNAPSHOT&amp;side=consumer&amp;timestamp=1512531640715&amp;version=2.2.0 empty://192.168.1.159/com.glsx.biz.common.user.service.DeviceCategoryService?application=oms&amp;category=routers&amp;dubbo=2.5.3&amp;interface=com.glsx.biz.common.user.service.DeviceCategoryService&amp;methods=findByDeviceNameContainer,getByManufacturerCode,getDeviceCategoriesByMerchant,getDeviceCategoryById,get,getDeviceCategories,getDeviceAtr&amp;owner=glsx-oms&amp;pid=9532&amp;revision=3.0.0-SNAPSHOT&amp;side=consumer&amp;timestamp=1512531640715&amp;version=2.2.0 dubbo://192.168.3.188:9015/com.glsx.biz.common.user.service.DeviceCategoryService?anyhost=true&amp;application=logic-biz-common-service-provider&amp;dubbo=2.5.3&amp;interface=com.glsx.biz.common.user.service.DeviceCategoryService&amp;methods=getDeviceCategoryById,getDeviceCategories,get,findByDeviceNameContainer,getDeviceCategoriesByMerchant,getDeviceAtr,getByManufacturerCode&amp;owner=ms&amp;pid=24977&amp;retries=0&amp;revision=3.0.0-SNAPSHOT&amp;side=provider&amp;threadpool=fixed&amp;threads=800&amp;timestamp=1508220307999&amp;version=2.2.0, com.glsx.platform.goods.common.service.MallGoodsService:1.0.0=empty://192.168.1.213/com.glsx.platform.goods.common.service.MallGoodsService?application=oms&amp;category=configurators&amp;dubbo=2.5.3&amp;interface=com.glsx.platform.goods.common.service.MallGoodsService&amp;methods=updateBatch,getMallGoodsByMallClassficationIdOnOMS,updateDisplay,updateActualSales,save,updateStorageQuantity,update,getRealMallGoods,delete,getRenewPackageMallGoods,getFlowPackageMallGoodsByCardTypeId,updateActualClicks,existsByName,updateAuditingStatus,getRenewMallGoodsByCardTypeIdAndDeviceTypeId,getMallGoodsCountByMallClassficationId,findById,getMallGoodsByMallClassficationId,findByProductId,updateShelveStatus,getFlowPackageMallGoods&amp;owner=glsx-oms&amp;pid=12708&amp;revision=1.0.0-SNAPSHOT&amp;side=consumer&amp;timestamp=1504856024715&amp;version=1.0.0 empty://192.168.1.213/com.glsx.platform.goods.common.service.MallGoodsService?application=oms&amp;category=routers&amp;dubbo=2.5.3&amp;interface=com.glsx.platform.goods.common.service.MallGoodsService&amp;methods=updateBatch,getMallGoodsByMallClassficationIdOnOMS,updateDisplay,updateActualSales,save,updateStorageQuantity,update,getRealMallGoods,delete,getRenewPackageMallGoods,getFlowPackageMallGoodsByCardTypeId,updateActualClicks,existsByName,updateAuditingStatus,getRenewMallGoodsByCardTypeIdAndDeviceTypeId,getMallGoodsCountByMallClassficationId,findById,getMallGoodsByMallClassficationId,findByProductId,updateShelveStatus,getFlowPackageMallGoods&amp;owner=glsx-oms&amp;pid=12708&amp;revision=1.0.0-SNAPSHOT&amp;side=consumer&amp;timestamp=1504856024715&amp;version=1.0.0 dubbo://192.168.3.188:9394/com.glsx.platform.goods.common.service.MallGoodsService?anyhost=true&amp;application=platform-goods-service-provider&amp;dubbo=2.5.3&amp;interface=com.glsx.platform.goods.common.service.MallGoodsService&amp;methods=update,save,updateStorageQuantity,getRenewMallGoodsByCardTypeIdAndDeviceTypeId,existsByName,getFlowPackageMallGoodsByCardTypeId,getMallGoodsByMallClassficationId,findByProductId,getMallGoodsCountByMallClassficationId,updateShelveStatus,findById,updateActualSales,updateBatch,getFlowPackageMallGoods,updateDisplay,getRealMallGoods,delete,updateActualClicks,updateAuditingStatus,getMallGoodsByMallClassficationIdOnOMS,getRenewPackageMallGoods&amp;owner=ms&amp;pid=1122&amp;retries=0&amp;revision=1.0.0-20170905.023219-100&amp;side=provider&amp;threadpool=fixed&amp;threads=800&amp;timeout=100000&amp;timestamp=1504579594204&amp;version=1.0.0}, dubbo version: 2.5.3, current host: 127.0.0.1
2018-04-21 16:30:48.737 [oms-fcwechat] [ZkClient-EventThread-25-192.168.3.206:2181] INFO  org.I0Itec.zkclient.ZkEventThread - Starting ZkClient event thread.
2018-04-21 16:30:51.233 [oms-fcwechat] [main] INFO  org.apache.zookeeper.ZooKeeper - Client environment:zookeeper.version=3.4.6-1569965, built on 02/20/2014 09:09 GMT
2018-04-21 16:30:51.233 [oms-fcwechat] [main] INFO  org.apache.zookeeper.ZooKeeper - Client environment:host.name=192.168.1.208
2018-04-21 16:30:51.233 [oms-fcwechat] [main] INFO  org.apache.zookeeper.ZooKeeper - Client environment:java.version=1.8.0_91
2018-04-21 16:30:51.233 [oms-fcwechat] [main] INFO  org.apache.zookeeper.ZooKeeper - Client environment:java.vendor=Oracle Corporation
2018-04-21 16:30:51.233 [oms-fcwechat] [main] INFO  org.apache.zookeeper.ZooKeeper - Client environment:java.home=D:\Program Files\Java\jdk1.8.0_91\jre
2018-04-21 16:30:51.235 [oms-fcwechat] [main] INFO  org.apache.zookeeper.ZooKeeper - Client environment:java.class.path=F:\eclipseWork\glsx-oms\oms-fcwechat\target\test-classes;F:\eclipseWork\glsx-oms\oms-fcwechat\target\classes;D:\java\java\manve_lib\repository\org\oreframework\boot\ore-boot-starter-diamond\1.0.10-SNAPSHOT\ore-boot-starter-diamond-1.0.10-SNAPSHOT.jar;D:\java\java\manve_lib\repository\org\oreframework\boot\ore-boot-starter\1.0.10-SNAPSHOT\ore-boot-starter-1.0.10-SNAPSHOT.jar;D:\java\java\manve_lib\repository\org\oreframework\boot\ore-boot\1.0.10-SNAPSHOT\ore-boot-1.0.10-SNAPSHOT.jar;D:\java\java\manve_lib\repository\ch\qos\logback\logback-access\1.1.9\logback-access-1.1.9.jar;D:\java\java\manve_lib\repository\ch\qos\logback\logback-classic\1.1.9\logback-classic-1.1.9.jar;D:\java\java\manve_lib\repository\ch\qos\logback\logback-core\1.1.9\logback-core-1.1.9.jar;D:\java\java\manve_lib\repository\org\oreframework\ore-util\2.0.9-SNAPSHOT\ore-util-2.0.9-SNAPSHOT.jar;D:\java\java\manve_lib\repository\gnu-regexp\gnu-regexp\1.1.4\gnu-regexp-1.1.4.jar;D:\java\java\manve_lib\repository\com\belerweb\pinyin4j\2.5.0\pinyin4j-2.5.0.jar;D:\java\java\manve_lib\repository\net\sf\json-lib\json-lib\2.4\json-lib-2.4-jdk15.jar;D:\java\java\manve_lib\repository\net\sf\ezmorph\ezmorph\1.0.5\ezmorph-1.0.5.jar;D:\java\java\manve_lib\repository\com\google\code\gson\gson\2.2.2\gson-2.2.2.jar;D:\java\java\manve_lib\repository\cglib\cglib-nodep\2.2.2\cglib-nodep-2.2.2.jar;D:\java\java\manve_lib\repository\com\google\zxing\core\3.3.1\core-3.3.1.jar;D:\java\java\manve_lib\repository\com\google\zxing\javase\3.3.1\javase-3.3.1.jar;D:\java\java\manve_lib\repository\com\beust\jcommander\1.72\jcommander-1.72.jar;D:\java\java\manve_lib\repository\com\github\jai-imageio\jai-imageio-core\1.3.1\jai-imageio-core-1.3.1.jar;D:\java\java\manve_lib\repository\org\oreframework\ore-context\2.0.9-SNAPSHOT\ore-context-2.0.9-SNAPSHOT.jar;D:\java\java\manve_lib\repository\org\oreframework\common\ore-common-beanutils\2.0.9-SNAPSHOT\ore-common-beanutils-2.0.9-SNAPSHOT.jar;D:\java\java\manve_lib\repository\org\oreframework\boot\ore-boot-web\1.0.10-SNAPSHOT\ore-boot-web-1.0.10-SNAPSHOT.jar;D:\java\java\manve_lib\repository\org\oreframework\ore-web\2.0.9-SNAPSHOT\ore-web-2.0.9-SNAPSHOT.jar;D:\java\java\manve_lib\repository\org\oreframework\common\ore-common-lang\2.0.9-SNAPSHOT\ore-common-lang-2.0.9-SNAPSHOT.jar;D:\java\java\manve_lib\repository\javax\servlet\javax.servlet-api\3.1.0\javax.servlet-api-3.1.0.jar;D:\java\java\manve_lib\repository\org\apache\poi\poi\3.9\poi-3.9.jar;D:\java\java\manve_lib\repository\org\apache\poi\poi-ooxml\3.9\poi-ooxml-3.9.jar;D:\java\java\manve_lib\repository\org\apache\poi\poi-ooxml-schemas\3.9\poi-ooxml-schemas-3.9.jar;D:\java\java\manve_lib\repository\org\apache\xmlbeans\xmlbeans\2.3.0\xmlbeans-2.3.0.jar;D:\java\java\manve_lib\repository\stax\stax-api\1.0.1\stax-api-1.0.1.jar;D:\java\java\manve_lib\repository\org\oreframework\boot\ore-boot-autoconfigure\1.0.10-SNAPSHOT\ore-boot-autoconfigure-1.0.10-SNAPSHOT.jar;D:\java\java\manve_lib\repository\org\springframework\boot\spring-boot-starter-web\1.5.1.RELEASE\spring-boot-starter-web-1.5.1.RELEASE.jar;D:\java\java\manve_lib\repository\com\fasterxml\jackson\core\jackson-databind\2.8.6\jackson-databind-2.8.6.jar;D:\java\java\manve_lib\repository\org\springframework\boot\spring-boot-starter\1.5.1.RELEASE\spring-boot-starter-1.5.1.RELEASE.jar;D:\java\java\manve_lib\repository\org\springframework\boot\spring-boot-starter-logging\1.5.1.RELEASE\spring-boot-starter-logging-1.5.1.RELEASE.jar;D:\java\java\manve_lib\repository\org\slf4j\jul-to-slf4j\1.7.22\jul-to-slf4j-1.7.22.jar;D:\java\java\manve_lib\repository\org\slf4j\log4j-over-slf4j\1.7.22\log4j-over-slf4j-1.7.22.jar;D:\java\java\manve_lib\repository\org\yaml\snakeyaml\1.17\snakeyaml-1.17.jar;D:\java\java\manve_lib\repository\org\springframework\boot\spring-boot-starter-jetty\1.5.1.RELEASE\spring-boot-starter-jetty-1.5.1.RELEASE.jar;D:\java\java\manve_lib\repository\org\eclipse\jetty\jetty-servlets\9.4.1.v20170120\jetty-servlets-9.4.1.v20170120.jar;D:\java\java\manve_lib\repository\org\eclipse\jetty\jetty-continuation\9.4.1.v20170120\jetty-continuation-9.4.1.v20170120.jar;D:\java\java\manve_lib\repository\org\eclipse\jetty\jetty-http\9.4.1.v20170120\jetty-http-9.4.1.v20170120.jar;D:\java\java\manve_lib\repository\org\eclipse\jetty\jetty-util\9.4.1.v20170120\jetty-util-9.4.1.v20170120.jar;D:\java\java\manve_lib\repository\org\eclipse\jetty\jetty-io\9.4.1.v20170120\jetty-io-9.4.1.v20170120.jar;D:\java\java\manve_lib\repository\org\eclipse\jetty\jetty-webapp\9.4.1.v20170120\jetty-webapp-9.4.1.v20170120.jar;D:\java\java\manve_lib\repository\org\eclipse\jetty\jetty-xml\9.4.1.v20170120\jetty-xml-9.4.1.v20170120.jar;D:\java\java\manve_lib\repository\org\eclipse\jetty\jetty-servlet\9.4.1.v20170120\jetty-servlet-9.4.1.v20170120.jar;D:\java\java\manve_lib\repository\org\eclipse\jetty\jetty-security\9.4.1.v20170120\jetty-security-9.4.1.v20170120.jar;D:\java\java\manve_lib\repository\org\eclipse\jetty\jetty-server\9.4.1.v20170120\jetty-server-9.4.1.v20170120.jar;D:\java\java\manve_lib\repository\org\eclipse\jetty\websocket\websocket-server\9.4.1.v20170120\websocket-server-9.4.1.v20170120.jar;D:\java\java\manve_lib\repository\org\eclipse\jetty\websocket\websocket-common\9.4.1.v20170120\websocket-common-9.4.1.v20170120.jar;D:\java\java\manve_lib\repository\org\eclipse\jetty\websocket\websocket-api\9.4.1.v20170120\websocket-api-9.4.1.v20170120.jar;D:\java\java\manve_lib\repository\org\eclipse\jetty\websocket\websocket-client\9.4.1.v20170120\websocket-client-9.4.1.v20170120.jar;D:\java\java\manve_lib\repository\org\eclipse\jetty\jetty-client\9.4.1.v20170120\jetty-client-9.4.1.v20170120.jar;D:\java\java\manve_lib\repository\org\eclipse\jetty\websocket\websocket-servlet\9.4.1.v20170120\websocket-servlet-9.4.1.v20170120.jar;D:\java\java\manve_lib\repository\org\eclipse\jetty\websocket\javax-websocket-server-impl\9.4.1.v20170120\javax-websocket-server-impl-9.4.1.v20170120.jar;D:\java\java\manve_lib\repository\org\eclipse\jetty\jetty-annotations\9.4.1.v20170120\jett
[...]
	at org.junit.runners.model.FrameworkMethod.invokeExplosively(FrameworkMethod.java:47)
	at org.junit.internal.runners.statements.InvokeMethod.evaluate(InvokeMethod.java:17)
	at org.springframework.test.context.junit4.statements.RunBeforeTestMethodCallbacks.evaluate(RunBeforeTestMethodCallbacks.java:75)
	at org.springframework.test.context.junit4.statements.RunAfterTestMethodCallbacks.evaluate(RunAfterTestMethodCallbacks.java:86)
	at org.springframework.test.context.junit4.statements.SpringRepeat.evaluate(SpringRepeat.java:84)
	at org.junit.runners.ParentRunner.runLeaf(ParentRunner.java:325)
	at org.springframework.test.context.junit4.SpringJUnit4ClassRunner.runChild(SpringJUnit4ClassRunner.java:252)
	at org.springframework.test.context.junit4.SpringJUnit4ClassRunner.runChild(SpringJUnit4ClassRunner.java:94)
	at org.junit.runners.ParentRunner$3.run(ParentRunner.java:290)
	at org.junit.runners.ParentRunner$1.schedule(ParentRunner.java:71)
	at org.junit.runners.ParentRunner.runChildren(ParentRunner.java:288)
	at org.junit.runners.ParentRunner.access$000(ParentRunner.java:58)
	at org.junit.runners.ParentRunner$2.evaluate(ParentRunner.java:268)
	at org.springframework.test.context.junit4.statements.RunBeforeTestClassCallbacks.evaluate(RunBeforeTestClassCallbacks.java:61)
	at org.springframework.test.context.junit4.statements.RunAfterTestClassCallbacks.evaluate(RunAfterTestClassCallbacks.java:70)
	at org.junit.runners.ParentRunner.run(ParentRunner.java:363)
	at org.springframework.test.context.junit4.SpringJUnit4ClassRunner.run(SpringJUnit4ClassRunner.java:191)
	at org.apache.maven.surefire.junit4.JUnit4Provider.execute(JUnit4Provider.java:252)
	at org.apache.maven.surefire.junit4.JUnit4Provider.executeTestSet(JUnit4Provider.java:141)
	at org.apache.maven.surefire.junit4.JUnit4Provider.invoke(JUnit4Provider.java:112)
	at sun.reflect.NativeMethodAccessorImpl.invoke0(Native Method)
	at sun.reflect.NativeMethodAccessorImpl.invoke(NativeMethodAccessorImpl.java:62)
	at sun.reflect.DelegatingMethodAccessorImpl.invoke(DelegatingMethodAccessorImpl.java:43)
	at java.lang.reflect.Method.invoke(Method.java:498)
	at org.apache.maven.surefire.util.ReflectionUtils.invokeMethodWithArray(ReflectionUtils.java:189)
	at org.apache.maven.surefire.booter.ProviderFactory$ProviderProxy.invoke(ProviderFactory.java:165)
	at org.apache.maven.surefire.booter.ProviderFactory.invokeProvider(ProviderFactory.java:85)
	at org.apache.maven.surefire.booter.ForkedBooter.runSuitesInProcess(ForkedBooter.java:115)
	at org.apache.maven.surefire.booter.ForkedBooter.main(ForkedBooter.java:75)
Caused by: org.apache.http.conn.HttpHostConnectException: Connect to localhost:8888 [localhost/127.0.0.1, localhost/0:0:0:0:0:0:0:1] failed: Connection refused: connect
	at org.apache.http.impl.conn.HttpClientConnectionOperator.connect(HttpClientConnectionOperator.java:142)
	at org.apache.http.impl.conn.PoolingHttpClientConnectionManager.connect(PoolingHttpClientConnectionManager.java:319)
	at org.apache.http.impl.execchain.MainClientExec.establishRoute(MainClientExec.java:363)
	at org.apache.http.impl.execchain.MainClientExec.execute(MainClientExec.java:219)
	at org.apache.http.impl.execchain.ProtocolExec.execute(ProtocolExec.java:195)
	at org.apache.http.impl.execchain.RetryExec.execute(RetryExec.java:86)
	at org.apache.http.impl.execchain.RedirectExec.execute(RedirectExec.java:108)
	at org.apache.http.impl.client.InternalHttpClient.doExecute(InternalHttpClient.java:184)
	at org.apache.http.impl.client.CloseableHttpClient.execute(CloseableHttpClient.java:82)
	at org.apache.http.impl.client.CloseableHttpClient.execute(CloseableHttpClient.java:57)
	at org.springframework.http.client.HttpComponentsClientHttpRequest.executeInternal(HttpComponentsClientHttpRequest.java:89)
	at org.springframework.http.client.AbstractBufferingClientHttpRequest.executeInternal(AbstractBufferingClientHttpRequest.java:48)
	at org.springframework.http.client.AbstractClientHttpRequest.execute(AbstractClientHttpRequest.java:53)
	at org.springframework.web.client.RestTemplate.doExecute(RestTemplate.java:652)
	... 39 more
Caused by: java.net.ConnectException: Connection refused: connect
	at java.net.DualStackPlainSocketImpl.connect0(Native Method)
	at java.net.DualStackPlainSocketImpl.socketConnect(DualStackPlainSocketImpl.java:79)
	at java.net.AbstractPlainSocketImpl.doConnect(AbstractPlainSocketImpl.java:350)
	at java.net.AbstractPlainSocketImpl.connectToAddress(AbstractPlainSocketImpl.java:206)
	at java.net.AbstractPlainSocketImpl.connect(AbstractPlainSocketImpl.java:188)
	at java.net.PlainSocketImpl.connect(PlainSocketImpl.java:172)
	at java.net.SocksSocketImpl.connect(SocksSocketImpl.java:392)
	at java.net.Socket.connect(Socket.java:589)
	at org.apache.http.conn.socket.PlainConnectionSocketFactory.connectSocket(PlainConnectionSocketFactory.java:72)
	at org.apache.http.impl.conn.HttpClientConnectionOperator.connect(HttpClientConnectionOperator.java:125)
	... 52 more
</error>
    <system-out>2018-04-21 16:30:57.891 [oms-fcwechat] [main] INFO  o.s.c.s.PostProcessorRegistrationDelegate$BeanPostProcessorChecker - Bean &apos;com.glsx.oms.fcwechat.user.test.UserClientTest&apos; of type [class com.glsx.oms.fcwechat.user.test.UserClientTest] is not eligible for getting processed by all BeanPostProcessors (for example: not eligible for auto-proxying)
</system-out>
  </testcase>
  <testcase classname="com.glsx.oms.fcwechat.user.test.UserClientTest" name="testDelete" time="2.054">
    <error message="I/O error on DELETE request for &quot;http://localhost:8888/fcwechat/wechat/user/9999999&quot;: Connect to localhost:8888 [localhost/127.0.0.1, localhost/0:0:0:0:0:0:0:1] failed: Connection refused: connect; nested exception is org.apache.http.conn.HttpHostConnectException: Connect to localhost:8888 [localhost/127.0.0.1, localhost/0:0:0:0:0:0:0:1] failed: Connection refused: connect" type="org.springframework.web.client.ResourceAccessException">org.springframework.web.client.ResourceAccessException: I/O error on DELETE request for &quot;http://localhost:8888/fcwechat/wechat/user/9999999&quot;: Connect to localhost:8888 [localhost/127.0.0.1, localhost/0:0:0:0:0:0:0:1] failed: Connection refused: connect; nested exception is org.apache.http.conn.HttpHostConnectException: Connect to localhost:8888 [localhost/127.0.0.1, localhost/0:0:0:0:0:0:0:1] failed: Connection refused: connect
	at org.springframework.web.client.RestTemplate.doExecute(RestTemplate.java:666)
	at org.springframework.web.client.RestTemplate.execute(RestTemplate.java:613)
	at org.springframework.web.client.RestTemplate.delete(RestTemplate.java:485)
	at com.glsx.oms.fcwechat.user.rest.UserClient.delete(UserClient.java:33)
	at com.glsx.oms.fcwechat.user.test.UserClientTest.testDelete(UserClientTest.java:36)
	at sun.reflect.NativeMethodAccessorImpl.invoke0(Native Method)
	at sun.reflect.NativeMethodAccessorImpl.invoke(NativeMethodAccessorImpl.java:62)
	at sun.reflect.DelegatingMethodAccessorImpl.invoke(DelegatingMethodAccessorImpl.java:43)
	at java.lang.reflect.Method.invoke(Method.java:498)
	at org.junit.runners.model.FrameworkMethod$1.runReflectiveCall(FrameworkMethod.java:50)
	at org.junit.internal.runners.model.ReflectiveCallable.run(ReflectiveCallable.java:12)
	at org.junit.runners.model.FrameworkMethod.invokeExplosively(FrameworkMethod.java:47)
	at org.junit.internal.runners.statements.InvokeMethod.evaluate(InvokeMethod.java:17)
	at org.springframework.test.context.junit4.statements.RunBeforeTestMethodCallbacks.evaluate(RunBeforeTestMethodCallbacks.java:75)
	at org.springframework.test.context.junit4.statements.RunAfterTestMethodCallbacks.evaluate(RunAfterTestMethodCallbacks.java:86)
	at org.springframework.test.context.junit4.statements.SpringRepeat.evaluate(SpringRepeat.java:84)
	at org.junit.runners.ParentRunner.runLeaf(ParentRunner.java:325)
	at org.springframework.test.context.junit4.SpringJUnit4ClassRunner.runChild(SpringJUnit4ClassRunner.java:252)
	at org.springframework.test.context.junit4.SpringJUnit4ClassRunner.runChild(SpringJUnit4ClassRunner.java:94)
	at org.junit.runners.ParentRunner$3.run(ParentRunner.java:290)
	at org.junit.runners.ParentRunner$1.schedule(ParentRunner.java:71)
	at org.junit.runners.ParentRunner.runChildren(ParentRunner.java:288)
	at org.junit.runners.ParentRunner.access$000(ParentRunner.java:58)
	at org.junit.runners.ParentRunner$2.evaluate(ParentRunner.java:268)
	at org.springframework.test.context.junit4.statements.RunBeforeTestClassCallbacks.evaluate(RunBeforeTestClassCallbacks.java:61)
	at org.springframework.test.context.junit4.statements.RunAfterTestClassCallbacks.evaluate(RunAfterTestClassCallbacks.java:70)
	at org.junit.runners.ParentRunner.run(ParentRunner.java:363)
	at org.springframework.test.context.junit4.SpringJUnit4ClassRunner.run(SpringJUnit4ClassRunner.java:191)
	at org.apache.maven.surefire.junit4.JUnit4Provider.execute(JUnit4Provider.java:252)
	at org.apache.maven.surefire.junit4.JUnit4Provider.executeTestSet(JUnit4Provider.java:141)
	at org.apache.maven.surefire.junit4.JUnit4Provider.invoke(JUnit4Provider.java:112)
	at sun.reflect.NativeMethodAccessorImpl.invoke0(Native Method)
	at sun.reflect.NativeMethodAccessorImpl.invoke(NativeMethodAccessorImpl.java:62)
	at sun.reflect.DelegatingMethodAccessorImpl.invoke(DelegatingMethodAccessorImpl.java:43)
	at java.lang.reflect.Method.invoke(Method.java:498)
	at org.apache.maven.surefire.util.ReflectionUtils.invokeMethodWithArray(ReflectionUtils.java:189)
	at org.apache.maven.surefire.booter.ProviderFactory$ProviderProxy.invoke(ProviderFactory.java:165)
	at org.apache.maven.surefire.booter.ProviderFactory.invokeProvider(ProviderFactory.java:85)
	at org.apache.maven.surefire.booter.ForkedBooter.runSuitesInProcess(ForkedBooter.java:115)
	at org.apache.maven.surefire.booter.ForkedBooter.main(ForkedBooter.java:75)
Caused by: org.apache.http.conn.HttpHostConnectException: Connect to localhost:8888 [localhost/127.0.0.1, localhost/0:0:0:0:0:0:0:1] failed: Connection refused: connect
	at org.apache.http.impl.conn.HttpClientConnectionOperator.connect(HttpClientConnectionOperator.java:142)
	at org.apache.http.impl.conn.PoolingHttpClientConnectionManager.connect(PoolingHttpClientConnectionManager.java:319)
	at org.apache.http.impl.execchain.MainClientExec.establishRoute(MainClientExec.java:363)
	at org.apache.http.impl.execchain.MainClientExec.execute(MainClientExec.java:219)
	at org.apache.http.impl.execchain.ProtocolExec.execute(ProtocolExec.java:195)
	at org.apache.http.impl.execchain.RetryExec.execute(RetryExec.java:86)
	at org.apache.http.impl.execchain.RedirectExec.execute(RedirectExec.java:108)
	at org.apache.http.impl.client.InternalHttpClient.doExecute(InternalHttpClient.java:184)
	at org.apache.http.impl.client.CloseableHttpClient.execute(CloseableHttpClient.java:82)
	at org.apache.http.impl.client.CloseableHttpClient.execute(CloseableHttpClient.java:57)
	at org.springframework.http.client.HttpComponentsClientHttpRequest.executeInternal(HttpComponentsClientHttpRequest.java:89)
	at org.springframework.http.client.AbstractBufferingClientHttpRequest.executeInternal(AbstractBufferingClientHttpRequest.java:48)
	at org.springframework.http.client.AbstractClientHttpRequest.execute(AbstractClientHttpRequest.java:53)
	at org.springframework.web.client.RestTemplate.doExecute(RestTemplate.java:652)
	... 39 more
Caused by: java.net.ConnectException: Connection refused: connect
	at java.net.DualStackPlainSocketImpl.connect0(Native Method)
	at java.net.DualStackPlainSocketImpl.socketConnect(DualStackPlainSocketImpl.java:79)
	at java.net.AbstractPlainSocketImpl.doConnect(AbstractPlainSocketImpl.java:350)
	at java.net.AbstractPlainSocketImpl.connectToAddress(AbstractPlainSocketImpl.java:206)
	at java.net.AbstractPlainSocketImpl.connect(AbstractPlainSocketImpl.java:188)
	at java.net.PlainSocketImpl.connect(PlainSocketImpl.java:172)
	at java.net.SocksSocketImpl.connect(SocksSocketImpl.java:392)
	at java.net.Socket.connect(Socket.java:589)
	at org.apache.http.conn.socket.PlainConnectionSocketFactory.connectSocket(PlainConnectionSocketFactory.java:72)
	at org.apache.http.impl.conn.HttpClientConnectionOperator.connect(HttpClientConnectionOperator.java:125)
	... 52 more
</error>
    <system-out>2018-04-21 16:30:59.960 [oms-fcwechat] [main] INFO  o.s.c.s.PostProcessorRegistrationDelegate$BeanPostProcessorChecker - Bean &apos;com.glsx.oms.fcwechat.user.test.UserClientTest&apos; of type [class com.glsx.oms.fcwechat.user.test.UserClientTest] is not eligible for getting processed by all BeanPostProcessors (for example: not eligible for auto-proxying)
</system-out>
  </testcase>
  <testcase classname="com.glsx.oms.fcwechat.user.test.UserClientTest" name="testGetAll" time="2.012">
    <error message="I/O error on GET request for &quot;http://localhost:8888/fcwechat/wechat/user&quot;: Connect to localhost:8888 [localhost/127.0.0.1, localhost/0:0:0:0:0:0:0:1] failed: Connection refused: connect; nested exception is org.apache.http.conn.HttpHostConnectException: Connect to localhost:8888 [localhost/127.0.0.1, localhost/0:0:0:0:0:0:0:1] failed: Connection refused: connect" type="org.springframework.web.client.ResourceAccessException">org.springframework.web.client.ResourceAccessException: I/O error on GET request for &quot;http://localhost:8888/fcwechat/wechat/user&quot;: Connect to localhost:8888 [localhost/127.0.0.1, localhost/0:0:0:0:0:0:0:1] failed: Connection refused: connect; nested exception is org.apache.http.conn.HttpHostConnectException: Connect to localhost:8888 [localhost/127.0.0.1, localhost/0:0:0:0:0:0:0:1] failed: Connection refused: connect
	at org.springframework.web.client.RestTemplate.doExecute(RestTemplate.java:666)
	at org.springframework.web.client.RestTemplate.execute(RestTemplate.java:613)
	at org.springframework.web.client.RestTemplate.getForEntity(RestTemplate.java:312)
	at com.glsx.oms.fcwechat.user.rest.UserClient.getAll(UserClient.java:44)
	at com.glsx.oms.fcwechat.user.test.UserClientTest.testGetAll(UserClientTest.java:53)
	at sun.reflect.NativeMethodAccessorImpl.invoke0(Native Method)
	at sun.reflect.NativeMethodAccessorImpl.invoke(NativeMethodAccessorImpl.java:62)
	at sun.reflect.DelegatingMethodAccessorImpl.invoke(DelegatingMethodAccessorImpl.java:43)
	at java.lang.reflect.Method.invoke(Method.java:498)
	at org.junit.runners.model.FrameworkMethod$1.runReflectiveCall(FrameworkMethod.java:50)
	at org.junit.internal.runners.model.ReflectiveCallable.run(ReflectiveCallable.java:12)
	at org.junit.runners.model.FrameworkMethod.invokeExplosively(FrameworkMethod.java:47)
	at org.junit.internal.runners.statements.InvokeMethod.evaluate(InvokeMethod.java:17)
	at org.springframework.test.context.junit4.statements.RunBeforeTestMethodCallbacks.evaluate(RunBeforeTestMethodCallbacks.java:75)
	at org.springframework.test.context.junit4.statements.RunAfterTestMethodCallbacks.evaluate(RunAfterTestMethodCallbacks.java:86)
	at org.springframework.test.context.junit4.statements.SpringRepeat.evaluate(SpringRepeat.java:84)
	at org.junit.runners.ParentRunner.runLeaf(ParentRunner.java:325)
	at org.springframework.test.context.junit4.SpringJUnit4ClassRunner.runChild(SpringJUnit4ClassRunner.java:252)
	at org.springframework.test.context.junit4.SpringJUnit4ClassRunner.runChild(SpringJUnit4ClassRunner.java:94)
	at org.junit.runners.ParentRunner$3.run(ParentRunner.java:290)
	at org.junit.runners.ParentRunner$1.schedule(ParentRunner.java:71)
	at org.junit.runners.ParentRunner.runChildren(ParentRunner.java:288)
	at org.junit.runners.ParentRunner.access$000(ParentRunner.java:58)
	at org.junit.runners.ParentRunner$2.evaluate(ParentRunner.java:268)
	at org.springframework.test.context.junit4.statements.RunBeforeTestClassCallbacks.evaluate(RunBeforeTestClassCallbacks.java:61)
	at org.springframework.test.context.junit4.statements.RunAfterTestClassCallbacks.evaluate(RunAfterTestClassCallbacks.java:70)
	at org.junit.runners.ParentRunner.run(ParentRunner.java:363)
	at org.springframework.test.context.junit4.SpringJUnit4ClassRunner.run(SpringJUnit4ClassRunner.java:191)
	at org.apache.maven.surefire.junit4.JUnit4Provider.execute(JUnit4Provider.java:252)
	at org.apache.maven.surefire.junit4.JUnit4Provider.executeTestSet(JUnit4Provider.java:141)
	at org.apache.maven.surefire.junit4.JUnit4Provider.invoke(JUnit4Provider.java:112)
	at sun.reflect.NativeMethodAccessorImpl.invoke0(Native Method)
	at sun.reflect.NativeMethodAccessorImpl.invoke(NativeMethodAccessorImpl.java:62)
	at sun.reflect.DelegatingMethodAccessorImpl.invoke(DelegatingMethodAccessorImpl.java:43)
	at java.lang.reflect.Method.invoke(Method.java:498)
	at org.apache.maven.surefire.util.ReflectionUtils.invokeMethodWithArray(ReflectionUtils.java:189)
	at org.apache.maven.surefire.booter.ProviderFactory$ProviderProxy.invoke(ProviderFactory.java:165)
	at org.apache.maven.surefire.booter.ProviderFactory.invokeProvider(ProviderFactory.java:85)
	at org.apache.maven.surefire.booter.ForkedBooter.runSuitesInProcess(ForkedBooter.java:115)
	at org.apache.maven.surefire.booter.ForkedBooter.main(ForkedBooter.java:75)
Caused by: org.apache.http.conn.HttpHostConnectException: Connect to localhost:8888 [localhost/127.0.0.1, localhost/0:0:0:0:0:0:0:1] failed: Connection refused: connect
	at org.apache.http.impl.conn.HttpClientConnectionOperator.connect(HttpClientConnectionOperator.java:142)
	at org.apache.http.impl.conn.PoolingHttpClientConnectionManager.connect(PoolingHttpClientConnectionManager.java:319)
	at org.apache.http.impl.execchain.MainClientExec.establishRoute(MainClientExec.java:363)
	at org.apache.http.impl.execchain.MainClientExec.execute(MainClientExec.java:219)
	at org.apache.http.impl.execchain.ProtocolExec.execute(ProtocolExec.java:195)
	at org.apache.http.impl.execchain.RetryExec.execute(RetryExec.java:86)
	at org.apache.http.impl.execchain.RedirectExec.execute(RedirectExec.java:108)
	at org.apache.http.impl.client.InternalHttpClient.doExecute(InternalHttpClient.java:184)
	at org.apache.http.impl.client.CloseableHttpClient.execute(CloseableHttpClient.java:82)
	at org.apache.http.impl.client.CloseableHttpClient.execute(CloseableHttpClient.java:57)
	at org.springframework.http.client.HttpComponentsClientHttpRequest.executeInternal(HttpComponentsClientHttpRequest.java:89)
	at org.springframework.http.client.AbstractBufferingClientHttpRequest.executeInternal(AbstractBufferingClientHttpRequest.java:48)
	at org.springframework.http.client.AbstractClientHttpRequest.execute(AbstractClientHttpRequest.java:53)
	at org.springframework.web.client.RestTemplate.doExecute(RestTemplate.java:652)
	... 39 more
Caused by: java.net.ConnectException: Connection refused: connect
	at java.net.DualStackPlainSocketImpl.connect0(Native Method)
	at java.net.DualStackPlainSocketImpl.socketConnect(DualStackPlainSocketImpl.java:79)
	at java.net.AbstractPlainSocketImpl.doConnect(AbstractPlainSocketImpl.java:350)
	at java.net.AbstractPlainSocketImpl.connectToAddress(AbstractPlainSocketImpl.java:206)
	at java.net.AbstractPlainSocketImpl.connect(AbstractPlainSocketImpl.java:188)
	at java.net.PlainSocketImpl.connect(PlainSocketImpl.java:172)
	at java.net.SocksSocketImpl.connect(SocksSocketImpl.java:392)
	at java.net.Socket.connect(Socket.java:589)
	at org.apache.http.conn.socket.PlainConnectionSocketFactory.connectSocket(PlainConnectionSocketFactory.java:72)
	at org.apache.http.impl.conn.HttpClientConnectionOperator.connect(HttpClientConnectionOperator.java:125)
	... 52 more
</error>
    <system-out>2018-04-21 16:31:01.979 [oms-fcwechat] [main] INFO  o.s.c.s.PostProcessorRegistrationDelegate$BeanPostProcessorChecker - Bean &apos;com.glsx.oms.fcwechat.user.test.UserClientTest&apos; of type [class com.glsx.oms.fcwechat.user.test.UserClientTest] is not eligible for getting processed by all BeanPostProcessors (for example: not eligible for auto-proxying)
</system-out>
  </testcase>
</testsuite>